[2026-03-25T11:12:04.040+0000] {taskinstance.py:1159} INFO - Dependencies all met for dep_context=non-requeueable deps ti=<TaskInstance: stock_pipeline.run_dbt manual__2026-03-25T10:56:31.282944+00:00 [queued]>
[2026-03-25T11:12:04.044+0000] {taskinstance.py:1159} INFO - Dependencies all met for dep_context=requeueable deps ti=<TaskInstance: stock_pipeline.run_dbt manual__2026-03-25T10:56:31.282944+00:00 [queued]>
[2026-03-25T11:12:04.044+0000] {taskinstance.py:1361} INFO - Starting attempt 2 of 4
[2026-03-25T11:12:04.049+0000] {taskinstance.py:1382} INFO - Executing <Task(BashOperator): run_dbt> on 2026-03-25 10:56:31.282944+00:00
[2026-03-25T11:12:04.052+0000] {standard_task_runner.py:57} INFO - Started process 479 to run task
[2026-03-25T11:12:04.054+0000] {standard_task_runner.py:84} INFO - Running: ['airflow', 'tasks', 'run', 'stock_pipeline', 'run_dbt', 'manual__2026-03-25T10:56:31.282944+00:00', '--job-id', '13', '--raw', '--subdir', 'DAGS_FOLDER/stocks_pipeline_dag.py', '--cfg-path', '/tmp/tmpzpmd7gkn']
[2026-03-25T11:12:04.056+0000] {standard_task_runner.py:85} INFO - Job 13: Subtask run_dbt
[2026-03-25T11:12:04.080+0000] {task_command.py:416} INFO - Running <TaskInstance: stock_pipeline.run_dbt manual__2026-03-25T10:56:31.282944+00:00 [running]> on host 604f04238724
[2026-03-25T11:12:04.117+0000] {taskinstance.py:1662} INFO - Exporting env vars: AIRFLOW_CTX_DAG_OWNER='airflow' AIRFLOW_CTX_DAG_ID='stock_pipeline' AIRFLOW_CTX_TASK_ID='run_dbt' AIRFLOW_CTX_EXECUTION_DATE='2026-03-25T10:56:31.282944+00:00' AIRFLOW_CTX_TRY_NUMBER='2' AIRFLOW_CTX_DAG_RUN_ID='manual__2026-03-25T10:56:31.282944+00:00'
[2026-03-25T11:12:04.118+0000] {subprocess.py:63} INFO - Tmp dir root location: /tmp
[2026-03-25T11:12:04.119+0000] {subprocess.py:75} INFO - Running command: ['/bin/bash', '-c', 'cd /opt/stocks-proj/dbt && dbt run']
[2026-03-25T11:12:04.123+0000] {subprocess.py:86} INFO - Output:
[2026-03-25T11:12:05.077+0000] {subprocess.py:93} INFO - [0m11:12:05  Running with dbt=1.9.0-b2
[2026-03-25T11:12:05.111+0000] {subprocess.py:93} INFO - [0m11:12:05  [[33mWARNING[0m]: Deprecated functionality
[2026-03-25T11:12:05.112+0000] {subprocess.py:93} INFO - The `source-paths` config has been renamed to `model-paths`. Please update your
[2026-03-25T11:12:05.112+0000] {subprocess.py:93} INFO - `dbt_project.yml` configuration to reflect this change.
[2026-03-25T11:12:05.204+0000] {subprocess.py:93} INFO - [0m11:12:05  Registered adapter: ***=1.8.2
[2026-03-25T11:12:05.396+0000] {subprocess.py:93} INFO - [0m11:12:05  Found 4 models, 4 data tests, 1 source, 423 macros
[2026-03-25T11:12:05.397+0000] {subprocess.py:93} INFO - [0m11:12:05
[2026-03-25T11:12:05.397+0000] {subprocess.py:93} INFO - [0m11:12:05  Concurrency: 1 threads (target='dev')
[2026-03-25T11:12:05.398+0000] {subprocess.py:93} INFO - [0m11:12:05
[2026-03-25T11:12:05.469+0000] {subprocess.py:93} INFO - [0m11:12:05  1 of 4 START sql view model public.daily_returns ............................... [RUN]
[2026-03-25T11:12:05.528+0000] {subprocess.py:93} INFO - [0m11:12:05  1 of 4 OK created sql view model public.daily_returns .......................... [[32mCREATE VIEW[0m in 0.06s]
[2026-03-25T11:12:05.530+0000] {subprocess.py:93} INFO - [0m11:12:05  2 of 4 START sql view model public.monthly_volume .............................. [RUN]
[2026-03-25T11:12:05.552+0000] {subprocess.py:93} INFO - [0m11:12:05  2 of 4 OK created sql view model public.monthly_volume ......................... [[32mCREATE VIEW[0m in 0.02s]
[2026-03-25T11:12:05.553+0000] {subprocess.py:93} INFO - [0m11:12:05  3 of 4 START sql table model public.my_first_dbt_model ......................... [RUN]
[2026-03-25T11:12:05.623+0000] {subprocess.py:93} INFO - [0m11:12:05  3 of 4 OK created sql table model public.my_first_dbt_model .................... [[32mSELECT 2[0m in 0.07s]
[2026-03-25T11:12:05.625+0000] {subprocess.py:93} INFO - [0m11:12:05  4 of 4 START sql view model public.my_second_dbt_model ......................... [RUN]
[2026-03-25T11:12:05.643+0000] {subprocess.py:93} INFO - [0m11:12:05  4 of 4 OK created sql view model public.my_second_dbt_model .................... [[32mCREATE VIEW[0m in 0.02s]
[2026-03-25T11:12:05.649+0000] {subprocess.py:93} INFO - [0m11:12:05
[2026-03-25T11:12:05.650+0000] {subprocess.py:93} INFO - [0m11:12:05  Finished running 1 table model, 3 view models in 0 hours 0 minutes and 0.25 seconds (0.25s).
[2026-03-25T11:12:05.672+0000] {subprocess.py:93} INFO - [0m11:12:05
[2026-03-25T11:12:05.673+0000] {subprocess.py:93} INFO - [0m11:12:05  [32mCompleted successfully[0m
[2026-03-25T11:12:05.673+0000] {subprocess.py:93} INFO - [0m11:12:05
[2026-03-25T11:12:05.673+0000] {subprocess.py:93} INFO - [0m11:12:05  Done. PASS=4 WARN=0 ERROR=0 SKIP=0 TOTAL=4
[2026-03-25T11:12:06.303+0000] {subprocess.py:97} INFO - Command exited with return code 0
[2026-03-25T11:12:06.318+0000] {taskinstance.py:1400} INFO - Marking task as SUCCESS. dag_id=stock_pipeline, task_id=run_dbt, execution_date=20260325T105631, start_date=20260325T111204, end_date=20260325T111206
[2026-03-25T11:12:06.357+0000] {local_task_job_runner.py:228} INFO - Task exited with return code 0
[2026-03-25T11:12:06.367+0000] {taskinstance.py:2778} INFO - 0 downstream tasks scheduled from follow-on schedule check
