[2026-03-24T15:35:51.572+0000] {taskinstance.py:1159} INFO - Dependencies all met for dep_context=non-requeueable deps ti=<TaskInstance: stock_pipeline.fetch_and_store manual__2026-03-24T15:33:10.690769+00:00 [queued]>
[2026-03-24T15:35:51.575+0000] {taskinstance.py:1159} INFO - Dependencies all met for dep_context=requeueable deps ti=<TaskInstance: stock_pipeline.fetch_and_store manual__2026-03-24T15:33:10.690769+00:00 [queued]>
[2026-03-24T15:35:51.575+0000] {taskinstance.py:1361} INFO - Starting attempt 2 of 4
[2026-03-24T15:35:51.580+0000] {taskinstance.py:1382} INFO - Executing <Task(PythonOperator): fetch_and_store> on 2026-03-24 15:33:10.690769+00:00
[2026-03-24T15:35:51.582+0000] {standard_task_runner.py:57} INFO - Started process 272 to run task
[2026-03-24T15:35:51.584+0000] {standard_task_runner.py:84} INFO - Running: ['airflow', 'tasks', 'run', 'stock_pipeline', 'fetch_and_store', 'manual__2026-03-24T15:33:10.690769+00:00', '--job-id', '3', '--raw', '--subdir', 'DAGS_FOLDER/stocks_pipeline_dag.py', '--cfg-path', '/tmp/tmpuye6q22s']
[2026-03-24T15:35:51.585+0000] {standard_task_runner.py:85} INFO - Job 3: Subtask fetch_and_store
[2026-03-24T15:35:51.605+0000] {task_command.py:416} INFO - Running <TaskInstance: stock_pipeline.fetch_and_store manual__2026-03-24T15:33:10.690769+00:00 [running]> on host 922a27ad0dc6
[2026-03-24T15:35:51.635+0000] {taskinstance.py:1662} INFO - Exporting env vars: AIRFLOW_CTX_DAG_OWNER='airflow' AIRFLOW_CTX_DAG_ID='stock_pipeline' AIRFLOW_CTX_TASK_ID='fetch_and_store' AIRFLOW_CTX_EXECUTION_DATE='2026-03-24T15:33:10.690769+00:00' AIRFLOW_CTX_TRY_NUMBER='2' AIRFLOW_CTX_DAG_RUN_ID='manual__2026-03-24T15:33:10.690769+00:00'
[2026-03-24T15:35:51.635+0000] {logging_mixin.py:154} INFO - Fetching CRWD, attempt 1...
[2026-03-24T15:36:06.845+0000] {logging_mixin.py:154} INFO - Fetching PLTR, attempt 1...
[2026-03-24T15:36:07.023+0000] {logging_mixin.py:154} INFO - Attempt 1 failed for PLTR: We have detected your API key as 3JBVBTU7DPBGO1N2 and our standard API rate limit is 25 requests per day. Please subscribe to any of the premium plans at https://www.alphavantage.co/premium/ to instantly remove all daily rate limits.
[2026-03-24T15:36:22.032+0000] {logging_mixin.py:154} INFO - Fetching PLTR, attempt 2...
[2026-03-24T15:36:22.191+0000] {logging_mixin.py:154} INFO - Attempt 2 failed for PLTR: We have detected your API key as 3JBVBTU7DPBGO1N2 and our standard API rate limit is 25 requests per day. Please subscribe to any of the premium plans at https://www.alphavantage.co/premium/ to instantly remove all daily rate limits.
[2026-03-24T15:36:37.215+0000] {logging_mixin.py:154} INFO - Fetching PLTR, attempt 3...
[2026-03-24T15:36:37.385+0000] {logging_mixin.py:154} INFO - Attempt 3 failed for PLTR: We have detected your API key as 3JBVBTU7DPBGO1N2 and our standard API rate limit is 25 requests per day. Please subscribe to any of the premium plans at https://www.alphavantage.co/premium/ to instantly remove all daily rate limits.
[2026-03-24T15:36:52.408+0000] {logging_mixin.py:154} INFO - Failed to fetch data for PLTR after 3 attempts.
[2026-03-24T15:36:52.411+0000] {logging_mixin.py:154} INFO - No data for PLTR
[2026-03-24T15:36:52.427+0000] {taskinstance.py:1937} ERROR - Task failed with exception
Traceback (most recent call last):
  File "/home/airflow/.local/lib/python3.8/site-packages/airflow/operators/python.py", line 192, in execute
    return_value = self.execute_callable()
  File "/home/airflow/.local/lib/python3.8/site-packages/airflow/operators/python.py", line 209, in execute_callable
    return self.python_callable(*self.op_args, **self.op_kwargs)
  File "/opt/airflow/dags/stocks_pipeline_dag.py", line 30, in fetch_and_store
    insert_to_postgres(df)
  File "/opt/stocks-proj/ingestion/fetch_stocks.py", line 92, in insert_to_postgres
    execute_values(cur, sql, records)
  File "/home/airflow/.local/lib/python3.8/site-packages/psycopg2/extras.py", line 1299, in execute_values
    cur.execute(b''.join(parts))
psycopg2.errors.InvalidColumnReference: there is no unique or exclusion constraint matching the ON CONFLICT specification

[2026-03-24T15:36:52.435+0000] {taskinstance.py:1400} INFO - Marking task as UP_FOR_RETRY. dag_id=stock_pipeline, task_id=fetch_and_store, execution_date=20260324T153310, start_date=20260324T153551, end_date=20260324T153652
[2026-03-24T15:36:52.442+0000] {standard_task_runner.py:104} ERROR - Failed to execute job 3 for task fetch_and_store (there is no unique or exclusion constraint matching the ON CONFLICT specification
; 272)
[2026-03-24T15:36:52.449+0000] {local_task_job_runner.py:228} INFO - Task exited with return code 1
[2026-03-24T15:36:52.460+0000] {taskinstance.py:2778} INFO - 0 downstream tasks scheduled from follow-on schedule check
