[2026-03-24T15:38:10.864+0000] {taskinstance.py:1159} INFO - Dependencies all met for dep_context=non-requeueable deps ti=<TaskInstance: stock_pipeline.fetch_and_store manual__2026-03-24T15:33:10.690769+00:00 [queued]>
[2026-03-24T15:38:10.867+0000] {taskinstance.py:1159} INFO - Dependencies all met for dep_context=requeueable deps ti=<TaskInstance: stock_pipeline.fetch_and_store manual__2026-03-24T15:33:10.690769+00:00 [queued]>
[2026-03-24T15:38:10.867+0000] {taskinstance.py:1361} INFO - Starting attempt 3 of 5
[2026-03-24T15:38:10.872+0000] {taskinstance.py:1382} INFO - Executing <Task(PythonOperator): fetch_and_store> on 2026-03-24 15:33:10.690769+00:00
[2026-03-24T15:38:10.874+0000] {standard_task_runner.py:57} INFO - Started process 305 to run task
[2026-03-24T15:38:10.876+0000] {standard_task_runner.py:84} INFO - Running: ['airflow', 'tasks', 'run', 'stock_pipeline', 'fetch_and_store', 'manual__2026-03-24T15:33:10.690769+00:00', '--job-id', '4', '--raw', '--subdir', 'DAGS_FOLDER/stocks_pipeline_dag.py', '--cfg-path', '/tmp/tmpdt0lnh2h']
[2026-03-24T15:38:10.877+0000] {standard_task_runner.py:85} INFO - Job 4: Subtask fetch_and_store
[2026-03-24T15:38:10.899+0000] {task_command.py:416} INFO - Running <TaskInstance: stock_pipeline.fetch_and_store manual__2026-03-24T15:33:10.690769+00:00 [running]> on host 922a27ad0dc6
[2026-03-24T15:38:10.929+0000] {taskinstance.py:1662} INFO - Exporting env vars: AIRFLOW_CTX_DAG_OWNER='airflow' AIRFLOW_CTX_DAG_ID='stock_pipeline' AIRFLOW_CTX_TASK_ID='fetch_and_store' AIRFLOW_CTX_EXECUTION_DATE='2026-03-24T15:33:10.690769+00:00' AIRFLOW_CTX_TRY_NUMBER='3' AIRFLOW_CTX_DAG_RUN_ID='manual__2026-03-24T15:33:10.690769+00:00'
[2026-03-24T15:38:10.930+0000] {logging_mixin.py:154} INFO - Fetching CRWD, attempt 1...
[2026-03-24T15:38:11.084+0000] {logging_mixin.py:154} INFO - Attempt 1 failed for CRWD: We have detected your API key as R6T2QVRWEY6MX2F8 and our standard API rate limit is 25 requests per day. Please subscribe to any of the premium plans at https://www.alphavantage.co/premium/ to instantly remove all daily rate limits.
[2026-03-24T15:38:26.104+0000] {logging_mixin.py:154} INFO - Fetching CRWD, attempt 2...
[2026-03-24T15:38:26.278+0000] {logging_mixin.py:154} INFO - Attempt 2 failed for CRWD: We have detected your API key as R6T2QVRWEY6MX2F8 and our standard API rate limit is 25 requests per day. Please subscribe to any of the premium plans at https://www.alphavantage.co/premium/ to instantly remove all daily rate limits.
[2026-03-24T15:38:41.305+0000] {logging_mixin.py:154} INFO - Fetching CRWD, attempt 3...
[2026-03-24T15:38:41.473+0000] {logging_mixin.py:154} INFO - Attempt 3 failed for CRWD: We have detected your API key as R6T2QVRWEY6MX2F8 and our standard API rate limit is 25 requests per day. Please subscribe to any of the premium plans at https://www.alphavantage.co/premium/ to instantly remove all daily rate limits.
[2026-03-24T15:38:56.494+0000] {logging_mixin.py:154} INFO - Failed to fetch data for CRWD after 3 attempts.
[2026-03-24T15:38:56.502+0000] {logging_mixin.py:154} INFO - No data for CRWD
[2026-03-24T15:39:11.518+0000] {logging_mixin.py:154} INFO - Fetching PLTR, attempt 1...
[2026-03-24T15:39:11.689+0000] {logging_mixin.py:154} INFO - Attempt 1 failed for PLTR: We have detected your API key as R6T2QVRWEY6MX2F8 and our standard API rate limit is 25 requests per day. Please subscribe to any of the premium plans at https://www.alphavantage.co/premium/ to instantly remove all daily rate limits.
[2026-03-24T15:39:26.712+0000] {logging_mixin.py:154} INFO - Fetching PLTR, attempt 2...
[2026-03-24T15:39:26.885+0000] {logging_mixin.py:154} INFO - Attempt 2 failed for PLTR: We have detected your API key as R6T2QVRWEY6MX2F8 and our standard API rate limit is 25 requests per day. Please subscribe to any of the premium plans at https://www.alphavantage.co/premium/ to instantly remove all daily rate limits.
[2026-03-24T15:39:41.907+0000] {logging_mixin.py:154} INFO - Fetching PLTR, attempt 3...
[2026-03-24T15:39:42.240+0000] {logging_mixin.py:154} INFO - Attempt 3 failed for PLTR: We have detected your API key as R6T2QVRWEY6MX2F8 and our standard API rate limit is 25 requests per day. Please subscribe to any of the premium plans at https://www.alphavantage.co/premium/ to instantly remove all daily rate limits.
[2026-03-24T15:39:57.260+0000] {logging_mixin.py:154} INFO - Failed to fetch data for PLTR after 3 attempts.
[2026-03-24T15:39:57.263+0000] {logging_mixin.py:154} INFO - No data for PLTR
[2026-03-24T15:39:57.264+0000] {logging_mixin.py:154} INFO - No data to insert.
[2026-03-24T15:39:57.264+0000] {python.py:194} INFO - Done. Returned value was: None
[2026-03-24T15:39:57.279+0000] {taskinstance.py:1400} INFO - Marking task as SUCCESS. dag_id=stock_pipeline, task_id=fetch_and_store, execution_date=20260324T153310, start_date=20260324T153810, end_date=20260324T153957
[2026-03-24T15:39:57.310+0000] {local_task_job_runner.py:228} INFO - Task exited with return code 0
[2026-03-24T15:39:57.326+0000] {taskinstance.py:2778} INFO - 1 downstream tasks scheduled from follow-on schedule check
