[2026-03-25T12:52:08.790+0000] {taskinstance.py:1159} INFO - Dependencies all met for dep_context=non-requeueable deps ti=<TaskInstance: stock_pipeline.run_dbt scheduled__2026-03-24T00:00:00+00:00 [queued]>
[2026-03-25T12:52:08.794+0000] {taskinstance.py:1159} INFO - Dependencies all met for dep_context=requeueable deps ti=<TaskInstance: stock_pipeline.run_dbt scheduled__2026-03-24T00:00:00+00:00 [queued]>
[2026-03-25T12:52:08.794+0000] {taskinstance.py:1361} INFO - Starting attempt 2 of 4
[2026-03-25T12:52:08.799+0000] {taskinstance.py:1382} INFO - Executing <Task(BashOperator): run_dbt> on 2026-03-24 00:00:00+00:00
[2026-03-25T12:52:08.802+0000] {standard_task_runner.py:57} INFO - Started process 346 to run task
[2026-03-25T12:52:08.804+0000] {standard_task_runner.py:84} INFO - Running: ['airflow', 'tasks', 'run', 'stock_pipeline', 'run_dbt', 'scheduled__2026-03-24T00:00:00+00:00', '--job-id', '6', '--raw', '--subdir', 'DAGS_FOLDER/stocks_pipeline_dag.py', '--cfg-path', '/tmp/tmp7gr7yr4t']
[2026-03-25T12:52:08.806+0000] {standard_task_runner.py:85} INFO - Job 6: Subtask run_dbt
[2026-03-25T12:52:08.833+0000] {task_command.py:416} INFO - Running <TaskInstance: stock_pipeline.run_dbt scheduled__2026-03-24T00:00:00+00:00 [running]> on host 7bae086e503b
[2026-03-25T12:52:08.866+0000] {taskinstance.py:1662} INFO - Exporting env vars: AIRFLOW_CTX_DAG_OWNER='airflow' AIRFLOW_CTX_DAG_ID='stock_pipeline' AIRFLOW_CTX_TASK_ID='run_dbt' AIRFLOW_CTX_EXECUTION_DATE='2026-03-24T00:00:00+00:00' AIRFLOW_CTX_TRY_NUMBER='2' AIRFLOW_CTX_DAG_RUN_ID='scheduled__2026-03-24T00:00:00+00:00'
[2026-03-25T12:52:08.867+0000] {subprocess.py:63} INFO - Tmp dir root location: /tmp
[2026-03-25T12:52:08.868+0000] {subprocess.py:75} INFO - Running command: ['/bin/bash', '-c', 'cd /opt/stocks-proj/dbt && dbt run']
[2026-03-25T12:52:08.872+0000] {subprocess.py:86} INFO - Output:
[2026-03-25T12:52:09.783+0000] {subprocess.py:93} INFO - [0m12:52:09  Running with dbt=1.9.0-b2
[2026-03-25T12:52:09.909+0000] {subprocess.py:93} INFO - [0m12:52:09  Registered adapter: ***=1.8.2
[2026-03-25T12:52:09.918+0000] {subprocess.py:93} INFO - [0m12:52:09  Unable to do partial parsing because saved manifest not found. Starting full parse.
[2026-03-25T12:52:10.697+0000] {subprocess.py:93} INFO - [0m12:52:10  Found 4 models, 4 data tests, 1 source, 423 macros
[2026-03-25T12:52:10.699+0000] {subprocess.py:93} INFO - [0m12:52:10
[2026-03-25T12:52:10.699+0000] {subprocess.py:93} INFO - [0m12:52:10  Concurrency: 1 threads (target='dev')
[2026-03-25T12:52:10.699+0000] {subprocess.py:93} INFO - [0m12:52:10
[2026-03-25T12:52:10.765+0000] {subprocess.py:93} INFO - [0m12:52:10  1 of 4 START sql view model public.daily_returns ............................... [RUN]
[2026-03-25T12:52:10.820+0000] {subprocess.py:93} INFO - [0m12:52:10  1 of 4 OK created sql view model public.daily_returns .......................... [[32mCREATE VIEW[0m in 0.05s]
[2026-03-25T12:52:10.821+0000] {subprocess.py:93} INFO - [0m12:52:10  2 of 4 START sql view model public.monthly_volume .............................. [RUN]
[2026-03-25T12:52:10.847+0000] {subprocess.py:93} INFO - [0m12:52:10  2 of 4 OK created sql view model public.monthly_volume ......................... [[32mCREATE VIEW[0m in 0.03s]
[2026-03-25T12:52:10.848+0000] {subprocess.py:93} INFO - [0m12:52:10  3 of 4 START sql table model public.my_first_dbt_model ......................... [RUN]
[2026-03-25T12:52:10.880+0000] {subprocess.py:93} INFO - [0m12:52:10  3 of 4 OK created sql table model public.my_first_dbt_model .................... [[32mSELECT 2[0m in 0.03s]
[2026-03-25T12:52:10.881+0000] {subprocess.py:93} INFO - [0m12:52:10  4 of 4 START sql view model public.my_second_dbt_model ......................... [RUN]
[2026-03-25T12:52:10.900+0000] {subprocess.py:93} INFO - [0m12:52:10  4 of 4 OK created sql view model public.my_second_dbt_model .................... [[32mCREATE VIEW[0m in 0.02s]
[2026-03-25T12:52:10.905+0000] {subprocess.py:93} INFO - [0m12:52:10
[2026-03-25T12:52:10.906+0000] {subprocess.py:93} INFO - [0m12:52:10  Finished running 1 table model, 3 view models in 0 hours 0 minutes and 0.21 seconds (0.21s).
[2026-03-25T12:52:10.927+0000] {subprocess.py:93} INFO - [0m12:52:10
[2026-03-25T12:52:10.928+0000] {subprocess.py:93} INFO - [0m12:52:10  [32mCompleted successfully[0m
[2026-03-25T12:52:10.928+0000] {subprocess.py:93} INFO - [0m12:52:10
[2026-03-25T12:52:10.928+0000] {subprocess.py:93} INFO - [0m12:52:10  Done. PASS=4 WARN=0 ERROR=0 SKIP=0 TOTAL=4
[2026-03-25T12:52:11.579+0000] {subprocess.py:97} INFO - Command exited with return code 0
[2026-03-25T12:52:11.593+0000] {taskinstance.py:1400} INFO - Marking task as SUCCESS. dag_id=stock_pipeline, task_id=run_dbt, execution_date=20260324T000000, start_date=20260325T125208, end_date=20260325T125211
[2026-03-25T12:52:11.636+0000] {local_task_job_runner.py:228} INFO - Task exited with return code 0
[2026-03-25T12:52:11.644+0000] {taskinstance.py:2778} INFO - 0 downstream tasks scheduled from follow-on schedule check
