[2026-03-25T09:05:57.379+0000] {taskinstance.py:1159} INFO - Dependencies all met for dep_context=non-requeueable deps ti=<TaskInstance: stock_pipeline.run_dbt scheduled__2026-03-24T00:00:00+00:00 [queued]>
[2026-03-25T09:05:57.382+0000] {taskinstance.py:1159} INFO - Dependencies all met for dep_context=requeueable deps ti=<TaskInstance: stock_pipeline.run_dbt scheduled__2026-03-24T00:00:00+00:00 [queued]>
[2026-03-25T09:05:57.382+0000] {taskinstance.py:1361} INFO - Starting attempt 1 of 3
[2026-03-25T09:05:57.387+0000] {taskinstance.py:1382} INFO - Executing <Task(BashOperator): run_dbt> on 2026-03-24 00:00:00+00:00
[2026-03-25T09:05:57.389+0000] {standard_task_runner.py:57} INFO - Started process 265 to run task
[2026-03-25T09:05:57.391+0000] {standard_task_runner.py:84} INFO - Running: ['airflow', 'tasks', 'run', 'stock_pipeline', 'run_dbt', 'scheduled__2026-03-24T00:00:00+00:00', '--job-id', '4', '--raw', '--subdir', 'DAGS_FOLDER/stocks_pipeline_dag.py', '--cfg-path', '/tmp/tmpu87vrwgu']
[2026-03-25T09:05:57.392+0000] {standard_task_runner.py:85} INFO - Job 4: Subtask run_dbt
[2026-03-25T09:05:57.413+0000] {task_command.py:416} INFO - Running <TaskInstance: stock_pipeline.run_dbt scheduled__2026-03-24T00:00:00+00:00 [running]> on host e886ca1dac06
[2026-03-25T09:05:57.449+0000] {taskinstance.py:1662} INFO - Exporting env vars: AIRFLOW_CTX_DAG_OWNER='airflow' AIRFLOW_CTX_DAG_ID='stock_pipeline' AIRFLOW_CTX_TASK_ID='run_dbt' AIRFLOW_CTX_EXECUTION_DATE='2026-03-24T00:00:00+00:00' AIRFLOW_CTX_TRY_NUMBER='1' AIRFLOW_CTX_DAG_RUN_ID='scheduled__2026-03-24T00:00:00+00:00'
[2026-03-25T09:05:57.450+0000] {subprocess.py:63} INFO - Tmp dir root location: /tmp
[2026-03-25T09:05:57.450+0000] {subprocess.py:75} INFO - Running command: ['/bin/bash', '-c', 'cd /opt/stocks-proj/dbt && dbt run']
[2026-03-25T09:05:57.454+0000] {subprocess.py:86} INFO - Output:
[2026-03-25T09:05:58.384+0000] {subprocess.py:93} INFO - [0m09:05:58  Running with dbt=1.9.0-b2
[2026-03-25T09:05:58.414+0000] {subprocess.py:93} INFO - [0m09:05:58  [[33mWARNING[0m]: Deprecated functionality
[2026-03-25T09:05:58.414+0000] {subprocess.py:93} INFO - The `source-paths` config has been renamed to `model-paths`. Please update your
[2026-03-25T09:05:58.414+0000] {subprocess.py:93} INFO - `dbt_project.yml` configuration to reflect this change.
[2026-03-25T09:05:58.520+0000] {subprocess.py:93} INFO - [0m09:05:58  Registered adapter: ***=1.8.2
[2026-03-25T09:05:58.709+0000] {subprocess.py:93} INFO - [0m09:05:58  Found 4 models, 4 data tests, 1 source, 423 macros
[2026-03-25T09:05:58.711+0000] {subprocess.py:93} INFO - [0m09:05:58
[2026-03-25T09:05:58.711+0000] {subprocess.py:93} INFO - [0m09:05:58  Concurrency: 1 threads (target='dev')
[2026-03-25T09:05:58.711+0000] {subprocess.py:93} INFO - [0m09:05:58
[2026-03-25T09:05:58.778+0000] {subprocess.py:93} INFO - [0m09:05:58  1 of 4 START sql view model public.daily_returns ............................... [RUN]
[2026-03-25T09:05:58.832+0000] {subprocess.py:93} INFO - [0m09:05:58  1 of 4 OK created sql view model public.daily_returns .......................... [[32mCREATE VIEW[0m in 0.05s]
[2026-03-25T09:05:58.833+0000] {subprocess.py:93} INFO - [0m09:05:58  2 of 4 START sql view model public.monthly_volume .............................. [RUN]
[2026-03-25T09:05:58.852+0000] {subprocess.py:93} INFO - [0m09:05:58  2 of 4 OK created sql view model public.monthly_volume ......................... [[32mCREATE VIEW[0m in 0.02s]
[2026-03-25T09:05:58.853+0000] {subprocess.py:93} INFO - [0m09:05:58  3 of 4 START sql table model public.my_first_dbt_model ......................... [RUN]
[2026-03-25T09:05:58.913+0000] {subprocess.py:93} INFO - [0m09:05:58  3 of 4 OK created sql table model public.my_first_dbt_model .................... [[32mSELECT 2[0m in 0.06s]
[2026-03-25T09:05:58.914+0000] {subprocess.py:93} INFO - [0m09:05:58  4 of 4 START sql view model public.my_second_dbt_model ......................... [RUN]
[2026-03-25T09:05:58.933+0000] {subprocess.py:93} INFO - [0m09:05:58  4 of 4 OK created sql view model public.my_second_dbt_model .................... [[32mCREATE VIEW[0m in 0.02s]
[2026-03-25T09:05:58.939+0000] {subprocess.py:93} INFO - [0m09:05:58
[2026-03-25T09:05:58.939+0000] {subprocess.py:93} INFO - [0m09:05:58  Finished running 1 table model, 3 view models in 0 hours 0 minutes and 0.23 seconds (0.23s).
[2026-03-25T09:05:58.963+0000] {subprocess.py:93} INFO - [0m09:05:58
[2026-03-25T09:05:58.964+0000] {subprocess.py:93} INFO - [0m09:05:58  [32mCompleted successfully[0m
[2026-03-25T09:05:58.964+0000] {subprocess.py:93} INFO - [0m09:05:58
[2026-03-25T09:05:58.964+0000] {subprocess.py:93} INFO - [0m09:05:58  Done. PASS=4 WARN=0 ERROR=0 SKIP=0 TOTAL=4
[2026-03-25T09:05:59.694+0000] {subprocess.py:97} INFO - Command exited with return code 0
[2026-03-25T09:05:59.706+0000] {taskinstance.py:1400} INFO - Marking task as SUCCESS. dag_id=stock_pipeline, task_id=run_dbt, execution_date=20260324T000000, start_date=20260325T090557, end_date=20260325T090559
[2026-03-25T09:05:59.752+0000] {local_task_job_runner.py:228} INFO - Task exited with return code 0
[2026-03-25T09:05:59.761+0000] {taskinstance.py:2778} INFO - 0 downstream tasks scheduled from follow-on schedule check
[2026-03-25T09:21:20.422+0000] {taskinstance.py:1159} INFO - Dependencies all met for dep_context=non-requeueable deps ti=<TaskInstance: stock_pipeline.run_dbt scheduled__2026-03-24T00:00:00+00:00 [queued]>
[2026-03-25T09:21:20.426+0000] {taskinstance.py:1159} INFO - Dependencies all met for dep_context=requeueable deps ti=<TaskInstance: stock_pipeline.run_dbt scheduled__2026-03-24T00:00:00+00:00 [queued]>
[2026-03-25T09:21:20.426+0000] {taskinstance.py:1361} INFO - Starting attempt 1 of 3
[2026-03-25T09:21:20.431+0000] {taskinstance.py:1382} INFO - Executing <Task(BashOperator): run_dbt> on 2026-03-24 00:00:00+00:00
[2026-03-25T09:21:20.433+0000] {standard_task_runner.py:57} INFO - Started process 245 to run task
[2026-03-25T09:21:20.434+0000] {standard_task_runner.py:84} INFO - Running: ['airflow', 'tasks', 'run', 'stock_pipeline', 'run_dbt', 'scheduled__2026-03-24T00:00:00+00:00', '--job-id', '3', '--raw', '--subdir', 'DAGS_FOLDER/stocks_pipeline_dag.py', '--cfg-path', '/tmp/tmplmo1sx8f']
[2026-03-25T09:21:20.435+0000] {standard_task_runner.py:85} INFO - Job 3: Subtask run_dbt
[2026-03-25T09:21:20.458+0000] {task_command.py:416} INFO - Running <TaskInstance: stock_pipeline.run_dbt scheduled__2026-03-24T00:00:00+00:00 [running]> on host 4fab4eeec372
[2026-03-25T09:21:20.490+0000] {taskinstance.py:1662} INFO - Exporting env vars: AIRFLOW_CTX_DAG_OWNER='airflow' AIRFLOW_CTX_DAG_ID='stock_pipeline' AIRFLOW_CTX_TASK_ID='run_dbt' AIRFLOW_CTX_EXECUTION_DATE='2026-03-24T00:00:00+00:00' AIRFLOW_CTX_TRY_NUMBER='1' AIRFLOW_CTX_DAG_RUN_ID='scheduled__2026-03-24T00:00:00+00:00'
[2026-03-25T09:21:20.490+0000] {subprocess.py:63} INFO - Tmp dir root location: /tmp
[2026-03-25T09:21:20.491+0000] {subprocess.py:75} INFO - Running command: ['/bin/bash', '-c', 'cd /opt/stocks-proj/dbt && dbt run']
[2026-03-25T09:21:20.494+0000] {subprocess.py:86} INFO - Output:
[2026-03-25T09:21:21.400+0000] {subprocess.py:93} INFO - [0m09:21:21  Running with dbt=1.9.0-b2
[2026-03-25T09:21:21.437+0000] {subprocess.py:93} INFO - [0m09:21:21  [[33mWARNING[0m]: Deprecated functionality
[2026-03-25T09:21:21.438+0000] {subprocess.py:93} INFO - The `source-paths` config has been renamed to `model-paths`. Please update your
[2026-03-25T09:21:21.438+0000] {subprocess.py:93} INFO - `dbt_project.yml` configuration to reflect this change.
[2026-03-25T09:21:21.540+0000] {subprocess.py:93} INFO - [0m09:21:21  Registered adapter: ***=1.8.2
[2026-03-25T09:21:21.737+0000] {subprocess.py:93} INFO - [0m09:21:21  Found 4 models, 4 data tests, 1 source, 423 macros
[2026-03-25T09:21:21.739+0000] {subprocess.py:93} INFO - [0m09:21:21
[2026-03-25T09:21:21.739+0000] {subprocess.py:93} INFO - [0m09:21:21  Concurrency: 1 threads (target='dev')
[2026-03-25T09:21:21.739+0000] {subprocess.py:93} INFO - [0m09:21:21
[2026-03-25T09:21:21.801+0000] {subprocess.py:93} INFO - [0m09:21:21  1 of 4 START sql view model public.daily_returns ............................... [RUN]
[2026-03-25T09:21:21.854+0000] {subprocess.py:93} INFO - [0m09:21:21  1 of 4 OK created sql view model public.daily_returns .......................... [[32mCREATE VIEW[0m in 0.05s]
[2026-03-25T09:21:21.855+0000] {subprocess.py:93} INFO - [0m09:21:21  2 of 4 START sql view model public.monthly_volume .............................. [RUN]
[2026-03-25T09:21:21.874+0000] {subprocess.py:93} INFO - [0m09:21:21  2 of 4 OK created sql view model public.monthly_volume ......................... [[32mCREATE VIEW[0m in 0.02s]
[2026-03-25T09:21:21.875+0000] {subprocess.py:93} INFO - [0m09:21:21  3 of 4 START sql table model public.my_first_dbt_model ......................... [RUN]
[2026-03-25T09:21:21.932+0000] {subprocess.py:93} INFO - [0m09:21:21  3 of 4 OK created sql table model public.my_first_dbt_model .................... [[32mSELECT 2[0m in 0.06s]
[2026-03-25T09:21:21.933+0000] {subprocess.py:93} INFO - [0m09:21:21  4 of 4 START sql view model public.my_second_dbt_model ......................... [RUN]
[2026-03-25T09:21:21.951+0000] {subprocess.py:93} INFO - [0m09:21:21  4 of 4 OK created sql view model public.my_second_dbt_model .................... [[32mCREATE VIEW[0m in 0.02s]
[2026-03-25T09:21:21.957+0000] {subprocess.py:93} INFO - [0m09:21:21
[2026-03-25T09:21:21.957+0000] {subprocess.py:93} INFO - [0m09:21:21  Finished running 1 table model, 3 view models in 0 hours 0 minutes and 0.22 seconds (0.22s).
[2026-03-25T09:21:21.986+0000] {subprocess.py:93} INFO - [0m09:21:21
[2026-03-25T09:21:21.986+0000] {subprocess.py:93} INFO - [0m09:21:21  [32mCompleted successfully[0m
[2026-03-25T09:21:21.986+0000] {subprocess.py:93} INFO - [0m09:21:21
[2026-03-25T09:21:21.987+0000] {subprocess.py:93} INFO - [0m09:21:21  Done. PASS=4 WARN=0 ERROR=0 SKIP=0 TOTAL=4
[2026-03-25T09:21:22.609+0000] {subprocess.py:97} INFO - Command exited with return code 0
[2026-03-25T09:21:22.621+0000] {taskinstance.py:1400} INFO - Marking task as SUCCESS. dag_id=stock_pipeline, task_id=run_dbt, execution_date=20260324T000000, start_date=20260325T092120, end_date=20260325T092122
[2026-03-25T09:21:22.633+0000] {local_task_job_runner.py:228} INFO - Task exited with return code 0
[2026-03-25T09:21:22.640+0000] {taskinstance.py:2778} INFO - 0 downstream tasks scheduled from follow-on schedule check
[2026-03-25T10:56:50.865+0000] {taskinstance.py:1159} INFO - Dependencies all met for dep_context=non-requeueable deps ti=<TaskInstance: stock_pipeline.run_dbt scheduled__2026-03-24T00:00:00+00:00 [queued]>
[2026-03-25T10:56:50.869+0000] {taskinstance.py:1159} INFO - Dependencies all met for dep_context=requeueable deps ti=<TaskInstance: stock_pipeline.run_dbt scheduled__2026-03-24T00:00:00+00:00 [queued]>
[2026-03-25T10:56:50.869+0000] {taskinstance.py:1361} INFO - Starting attempt 1 of 3
[2026-03-25T10:56:50.873+0000] {taskinstance.py:1382} INFO - Executing <Task(BashOperator): run_dbt> on 2026-03-24 00:00:00+00:00
[2026-03-25T10:56:50.875+0000] {standard_task_runner.py:57} INFO - Started process 257 to run task
[2026-03-25T10:56:50.877+0000] {standard_task_runner.py:84} INFO - Running: ['airflow', 'tasks', 'run', 'stock_pipeline', 'run_dbt', 'scheduled__2026-03-24T00:00:00+00:00', '--job-id', '5', '--raw', '--subdir', 'DAGS_FOLDER/stocks_pipeline_dag.py', '--cfg-path', '/tmp/tmp2fwbftsj']
[2026-03-25T10:56:50.878+0000] {standard_task_runner.py:85} INFO - Job 5: Subtask run_dbt
[2026-03-25T10:56:50.898+0000] {task_command.py:416} INFO - Running <TaskInstance: stock_pipeline.run_dbt scheduled__2026-03-24T00:00:00+00:00 [running]> on host 604f04238724
[2026-03-25T10:56:50.929+0000] {taskinstance.py:1662} INFO - Exporting env vars: AIRFLOW_CTX_DAG_OWNER='airflow' AIRFLOW_CTX_DAG_ID='stock_pipeline' AIRFLOW_CTX_TASK_ID='run_dbt' AIRFLOW_CTX_EXECUTION_DATE='2026-03-24T00:00:00+00:00' AIRFLOW_CTX_TRY_NUMBER='1' AIRFLOW_CTX_DAG_RUN_ID='scheduled__2026-03-24T00:00:00+00:00'
[2026-03-25T10:56:50.929+0000] {subprocess.py:63} INFO - Tmp dir root location: /tmp
[2026-03-25T10:56:50.930+0000] {subprocess.py:75} INFO - Running command: ['/bin/bash', '-c', 'cd /opt/stocks-proj/dbt && dbt run']
[2026-03-25T10:56:50.933+0000] {subprocess.py:86} INFO - Output:
[2026-03-25T10:56:51.825+0000] {subprocess.py:93} INFO - [0m10:56:51  Running with dbt=1.9.0-b2
[2026-03-25T10:56:51.857+0000] {subprocess.py:93} INFO - [0m10:56:51  [[33mWARNING[0m]: Deprecated functionality
[2026-03-25T10:56:51.857+0000] {subprocess.py:93} INFO - The `source-paths` config has been renamed to `model-paths`. Please update your
[2026-03-25T10:56:51.857+0000] {subprocess.py:93} INFO - `dbt_project.yml` configuration to reflect this change.
[2026-03-25T10:56:51.943+0000] {subprocess.py:93} INFO - [0m10:56:51  Registered adapter: ***=1.8.2
[2026-03-25T10:56:52.134+0000] {subprocess.py:93} INFO - [0m10:56:52  Found 4 models, 4 data tests, 1 source, 423 macros
[2026-03-25T10:56:52.136+0000] {subprocess.py:93} INFO - [0m10:56:52
[2026-03-25T10:56:52.136+0000] {subprocess.py:93} INFO - [0m10:56:52  Concurrency: 1 threads (target='dev')
[2026-03-25T10:56:52.136+0000] {subprocess.py:93} INFO - [0m10:56:52
[2026-03-25T10:56:52.199+0000] {subprocess.py:93} INFO - [0m10:56:52  1 of 4 START sql view model public.daily_returns ............................... [RUN]
[2026-03-25T10:56:52.254+0000] {subprocess.py:93} INFO - [0m10:56:52  1 of 4 OK created sql view model public.daily_returns .......................... [[32mCREATE VIEW[0m in 0.05s]
[2026-03-25T10:56:52.255+0000] {subprocess.py:93} INFO - [0m10:56:52  2 of 4 START sql view model public.monthly_volume .............................. [RUN]
[2026-03-25T10:56:52.273+0000] {subprocess.py:93} INFO - [0m10:56:52  2 of 4 OK created sql view model public.monthly_volume ......................... [[32mCREATE VIEW[0m in 0.02s]
[2026-03-25T10:56:52.275+0000] {subprocess.py:93} INFO - [0m10:56:52  3 of 4 START sql table model public.my_first_dbt_model ......................... [RUN]
[2026-03-25T10:56:52.335+0000] {subprocess.py:93} INFO - [0m10:56:52  3 of 4 OK created sql table model public.my_first_dbt_model .................... [[32mSELECT 2[0m in 0.06s]
[2026-03-25T10:56:52.336+0000] {subprocess.py:93} INFO - [0m10:56:52  4 of 4 START sql view model public.my_second_dbt_model ......................... [RUN]
[2026-03-25T10:56:52.355+0000] {subprocess.py:93} INFO - [0m10:56:52  4 of 4 OK created sql view model public.my_second_dbt_model .................... [[32mCREATE VIEW[0m in 0.02s]
[2026-03-25T10:56:52.360+0000] {subprocess.py:93} INFO - [0m10:56:52
[2026-03-25T10:56:52.361+0000] {subprocess.py:93} INFO - [0m10:56:52  Finished running 1 table model, 3 view models in 0 hours 0 minutes and 0.22 seconds (0.22s).
[2026-03-25T10:56:52.382+0000] {subprocess.py:93} INFO - [0m10:56:52
[2026-03-25T10:56:52.382+0000] {subprocess.py:93} INFO - [0m10:56:52  [32mCompleted successfully[0m
[2026-03-25T10:56:52.383+0000] {subprocess.py:93} INFO - [0m10:56:52
[2026-03-25T10:56:52.383+0000] {subprocess.py:93} INFO - [0m10:56:52  Done. PASS=4 WARN=0 ERROR=0 SKIP=0 TOTAL=4
[2026-03-25T10:56:52.989+0000] {subprocess.py:97} INFO - Command exited with return code 0
[2026-03-25T10:56:53.001+0000] {taskinstance.py:1400} INFO - Marking task as SUCCESS. dag_id=stock_pipeline, task_id=run_dbt, execution_date=20260324T000000, start_date=20260325T105650, end_date=20260325T105653
[2026-03-25T10:56:53.030+0000] {local_task_job_runner.py:228} INFO - Task exited with return code 0
[2026-03-25T10:56:53.038+0000] {taskinstance.py:2778} INFO - 0 downstream tasks scheduled from follow-on schedule check
[2026-03-25T12:48:43.070+0000] {taskinstance.py:1159} INFO - Dependencies all met for dep_context=non-requeueable deps ti=<TaskInstance: stock_pipeline.run_dbt scheduled__2026-03-24T00:00:00+00:00 [queued]>
[2026-03-25T12:48:43.074+0000] {taskinstance.py:1159} INFO - Dependencies all met for dep_context=requeueable deps ti=<TaskInstance: stock_pipeline.run_dbt scheduled__2026-03-24T00:00:00+00:00 [queued]>
[2026-03-25T12:48:43.075+0000] {taskinstance.py:1361} INFO - Starting attempt 1 of 3
[2026-03-25T12:48:43.079+0000] {taskinstance.py:1382} INFO - Executing <Task(BashOperator): run_dbt> on 2026-03-24 00:00:00+00:00
[2026-03-25T12:48:43.082+0000] {standard_task_runner.py:57} INFO - Started process 305 to run task
[2026-03-25T12:48:43.083+0000] {standard_task_runner.py:84} INFO - Running: ['airflow', 'tasks', 'run', 'stock_pipeline', 'run_dbt', 'scheduled__2026-03-24T00:00:00+00:00', '--job-id', '5', '--raw', '--subdir', 'DAGS_FOLDER/stocks_pipeline_dag.py', '--cfg-path', '/tmp/tmpc8iycyut']
[2026-03-25T12:48:43.084+0000] {standard_task_runner.py:85} INFO - Job 5: Subtask run_dbt
[2026-03-25T12:48:43.105+0000] {task_command.py:416} INFO - Running <TaskInstance: stock_pipeline.run_dbt scheduled__2026-03-24T00:00:00+00:00 [running]> on host 7bae086e503b
[2026-03-25T12:48:43.138+0000] {taskinstance.py:1662} INFO - Exporting env vars: AIRFLOW_CTX_DAG_OWNER='airflow' AIRFLOW_CTX_DAG_ID='stock_pipeline' AIRFLOW_CTX_TASK_ID='run_dbt' AIRFLOW_CTX_EXECUTION_DATE='2026-03-24T00:00:00+00:00' AIRFLOW_CTX_TRY_NUMBER='1' AIRFLOW_CTX_DAG_RUN_ID='scheduled__2026-03-24T00:00:00+00:00'
[2026-03-25T12:48:43.139+0000] {subprocess.py:63} INFO - Tmp dir root location: /tmp
[2026-03-25T12:48:43.140+0000] {subprocess.py:75} INFO - Running command: ['/bin/bash', '-c', 'cd /opt/stocks-proj/dbt && dbt run']
[2026-03-25T12:48:43.144+0000] {subprocess.py:86} INFO - Output:
[2026-03-25T12:48:44.101+0000] {subprocess.py:93} INFO - [0m12:48:44  Running with dbt=1.9.0-b2
[2026-03-25T12:48:44.102+0000] {subprocess.py:93} INFO - [0m12:48:44  Encountered an error:
[2026-03-25T12:48:44.102+0000] {subprocess.py:93} INFO - Runtime Error
[2026-03-25T12:48:44.102+0000] {subprocess.py:93} INFO -   No dbt_project.yml found at expected path /opt/stocks-proj/dbt/dbt_project.yml
[2026-03-25T12:48:44.102+0000] {subprocess.py:93} INFO -   Verify that each entry within packages.yml (and their transitive dependencies) contains a file named dbt_project.yml
[2026-03-25T12:48:44.102+0000] {subprocess.py:93} INFO - 
[2026-03-25T12:48:44.682+0000] {subprocess.py:97} INFO - Command exited with return code 2
[2026-03-25T12:48:44.688+0000] {taskinstance.py:1937} ERROR - Task failed with exception
Traceback (most recent call last):
  File "/home/airflow/.local/lib/python3.8/site-packages/airflow/operators/bash.py", line 210, in execute
    raise AirflowException(
airflow.exceptions.AirflowException: Bash command failed. The command returned a non-zero exit code 2.
[2026-03-25T12:48:44.690+0000] {taskinstance.py:1400} INFO - Marking task as UP_FOR_RETRY. dag_id=stock_pipeline, task_id=run_dbt, execution_date=20260324T000000, start_date=20260325T124843, end_date=20260325T124844
[2026-03-25T12:48:44.695+0000] {standard_task_runner.py:104} ERROR - Failed to execute job 5 for task run_dbt (Bash command failed. The command returned a non-zero exit code 2.; 305)
[2026-03-25T12:48:44.734+0000] {local_task_job_runner.py:228} INFO - Task exited with return code 1
[2026-03-25T12:48:44.742+0000] {taskinstance.py:2778} INFO - 0 downstream tasks scheduled from follow-on schedule check
[2026-03-25T12:57:07.821+0000] {taskinstance.py:1159} INFO - Dependencies all met for dep_context=non-requeueable deps ti=<TaskInstance: stock_pipeline.run_dbt scheduled__2026-03-24T00:00:00+00:00 [queued]>
[2026-03-25T12:57:07.825+0000] {taskinstance.py:1159} INFO - Dependencies all met for dep_context=requeueable deps ti=<TaskInstance: stock_pipeline.run_dbt scheduled__2026-03-24T00:00:00+00:00 [queued]>
[2026-03-25T12:57:07.826+0000] {taskinstance.py:1361} INFO - Starting attempt 1 of 3
[2026-03-25T12:57:07.831+0000] {taskinstance.py:1382} INFO - Executing <Task(BashOperator): run_dbt> on 2026-03-24 00:00:00+00:00
[2026-03-25T12:57:07.834+0000] {standard_task_runner.py:57} INFO - Started process 257 to run task
[2026-03-25T12:57:07.836+0000] {standard_task_runner.py:84} INFO - Running: ['airflow', 'tasks', 'run', 'stock_pipeline', 'run_dbt', 'scheduled__2026-03-24T00:00:00+00:00', '--job-id', '5', '--raw', '--subdir', 'DAGS_FOLDER/stocks_pipeline_dag.py', '--cfg-path', '/tmp/tmprygwdjk4']
[2026-03-25T12:57:07.837+0000] {standard_task_runner.py:85} INFO - Job 5: Subtask run_dbt
[2026-03-25T12:57:07.865+0000] {task_command.py:416} INFO - Running <TaskInstance: stock_pipeline.run_dbt scheduled__2026-03-24T00:00:00+00:00 [running]> on host 41686edda57c
[2026-03-25T12:57:07.904+0000] {taskinstance.py:1662} INFO - Exporting env vars: AIRFLOW_CTX_DAG_OWNER='airflow' AIRFLOW_CTX_DAG_ID='stock_pipeline' AIRFLOW_CTX_TASK_ID='run_dbt' AIRFLOW_CTX_EXECUTION_DATE='2026-03-24T00:00:00+00:00' AIRFLOW_CTX_TRY_NUMBER='1' AIRFLOW_CTX_DAG_RUN_ID='scheduled__2026-03-24T00:00:00+00:00'
[2026-03-25T12:57:07.905+0000] {subprocess.py:63} INFO - Tmp dir root location: /tmp
[2026-03-25T12:57:07.905+0000] {subprocess.py:75} INFO - Running command: ['/bin/bash', '-c', 'cd /opt/stocks-proj/dbt && dbt run']
[2026-03-25T12:57:07.910+0000] {subprocess.py:86} INFO - Output:
[2026-03-25T12:57:08.857+0000] {subprocess.py:93} INFO - [0m12:57:08  Running with dbt=1.9.0-b2
[2026-03-25T12:57:08.980+0000] {subprocess.py:93} INFO - [0m12:57:08  Registered adapter: ***=1.8.2
[2026-03-25T12:57:09.169+0000] {subprocess.py:93} INFO - [0m12:57:09  Found 4 models, 4 data tests, 1 source, 423 macros
[2026-03-25T12:57:09.171+0000] {subprocess.py:93} INFO - [0m12:57:09
[2026-03-25T12:57:09.171+0000] {subprocess.py:93} INFO - [0m12:57:09  Concurrency: 1 threads (target='dev')
[2026-03-25T12:57:09.171+0000] {subprocess.py:93} INFO - [0m12:57:09
[2026-03-25T12:57:09.237+0000] {subprocess.py:93} INFO - [0m12:57:09  1 of 4 START sql view model public.daily_returns ............................... [RUN]
[2026-03-25T12:57:09.291+0000] {subprocess.py:93} INFO - [0m12:57:09  1 of 4 OK created sql view model public.daily_returns .......................... [[32mCREATE VIEW[0m in 0.05s]
[2026-03-25T12:57:09.292+0000] {subprocess.py:93} INFO - [0m12:57:09  2 of 4 START sql view model public.monthly_volume .............................. [RUN]
[2026-03-25T12:57:09.311+0000] {subprocess.py:93} INFO - [0m12:57:09  2 of 4 OK created sql view model public.monthly_volume ......................... [[32mCREATE VIEW[0m in 0.02s]
[2026-03-25T12:57:09.312+0000] {subprocess.py:93} INFO - [0m12:57:09  3 of 4 START sql table model public.my_first_dbt_model ......................... [RUN]
[2026-03-25T12:57:09.371+0000] {subprocess.py:93} INFO - [0m12:57:09  3 of 4 OK created sql table model public.my_first_dbt_model .................... [[32mSELECT 2[0m in 0.06s]
[2026-03-25T12:57:09.372+0000] {subprocess.py:93} INFO - [0m12:57:09  4 of 4 START sql view model public.my_second_dbt_model ......................... [RUN]
[2026-03-25T12:57:09.390+0000] {subprocess.py:93} INFO - [0m12:57:09  4 of 4 OK created sql view model public.my_second_dbt_model .................... [[32mCREATE VIEW[0m in 0.02s]
[2026-03-25T12:57:09.396+0000] {subprocess.py:93} INFO - [0m12:57:09
[2026-03-25T12:57:09.396+0000] {subprocess.py:93} INFO - [0m12:57:09  Finished running 1 table model, 3 view models in 0 hours 0 minutes and 0.22 seconds (0.22s).
[2026-03-25T12:57:09.420+0000] {subprocess.py:93} INFO - [0m12:57:09
[2026-03-25T12:57:09.421+0000] {subprocess.py:93} INFO - [0m12:57:09  [32mCompleted successfully[0m
[2026-03-25T12:57:09.421+0000] {subprocess.py:93} INFO - [0m12:57:09
[2026-03-25T12:57:09.421+0000] {subprocess.py:93} INFO - [0m12:57:09  Done. PASS=4 WARN=0 ERROR=0 SKIP=0 TOTAL=4
[2026-03-25T12:57:10.082+0000] {subprocess.py:97} INFO - Command exited with return code 0
[2026-03-25T12:57:10.096+0000] {taskinstance.py:1400} INFO - Marking task as SUCCESS. dag_id=stock_pipeline, task_id=run_dbt, execution_date=20260324T000000, start_date=20260325T125707, end_date=20260325T125710
[2026-03-25T12:57:10.142+0000] {local_task_job_runner.py:228} INFO - Task exited with return code 0
[2026-03-25T12:57:10.151+0000] {taskinstance.py:2778} INFO - 0 downstream tasks scheduled from follow-on schedule check
