[2026-03-24T15:39:58.114+0000] {taskinstance.py:1159} INFO - Dependencies all met for dep_context=non-requeueable deps ti=<TaskInstance: stock_pipeline.run_dbt manual__2026-03-24T15:33:10.690769+00:00 [queued]>
[2026-03-24T15:39:58.117+0000] {taskinstance.py:1159} INFO - Dependencies all met for dep_context=requeueable deps ti=<TaskInstance: stock_pipeline.run_dbt manual__2026-03-24T15:33:10.690769+00:00 [queued]>
[2026-03-24T15:39:58.117+0000] {taskinstance.py:1361} INFO - Starting attempt 1 of 3
[2026-03-24T15:39:58.122+0000] {taskinstance.py:1382} INFO - Executing <Task(BashOperator): run_dbt> on 2026-03-24 15:33:10.690769+00:00
[2026-03-24T15:39:58.124+0000] {standard_task_runner.py:57} INFO - Started process 326 to run task
[2026-03-24T15:39:58.125+0000] {standard_task_runner.py:84} INFO - Running: ['airflow', 'tasks', 'run', 'stock_pipeline', 'run_dbt', 'manual__2026-03-24T15:33:10.690769+00:00', '--job-id', '5', '--raw', '--subdir', 'DAGS_FOLDER/stocks_pipeline_dag.py', '--cfg-path', '/tmp/tmpdagd1efn']
[2026-03-24T15:39:58.126+0000] {standard_task_runner.py:85} INFO - Job 5: Subtask run_dbt
[2026-03-24T15:39:58.146+0000] {task_command.py:416} INFO - Running <TaskInstance: stock_pipeline.run_dbt manual__2026-03-24T15:33:10.690769+00:00 [running]> on host 922a27ad0dc6
[2026-03-24T15:39:58.177+0000] {taskinstance.py:1662} INFO - Exporting env vars: AIRFLOW_CTX_DAG_OWNER='airflow' AIRFLOW_CTX_DAG_ID='stock_pipeline' AIRFLOW_CTX_TASK_ID='run_dbt' AIRFLOW_CTX_EXECUTION_DATE='2026-03-24T15:33:10.690769+00:00' AIRFLOW_CTX_TRY_NUMBER='1' AIRFLOW_CTX_DAG_RUN_ID='manual__2026-03-24T15:33:10.690769+00:00'
[2026-03-24T15:39:58.178+0000] {subprocess.py:63} INFO - Tmp dir root location: /tmp
[2026-03-24T15:39:58.178+0000] {subprocess.py:75} INFO - Running command: ['/bin/bash', '-c', 'cd /opt/stocks-proj/dbt && dbt run']
[2026-03-24T15:39:58.182+0000] {subprocess.py:86} INFO - Output:
[2026-03-24T15:39:59.096+0000] {subprocess.py:93} INFO - [0m15:39:59  Running with dbt=1.9.0-b2
[2026-03-24T15:39:59.128+0000] {subprocess.py:93} INFO - [0m15:39:59  [[33mWARNING[0m]: Deprecated functionality
[2026-03-24T15:39:59.128+0000] {subprocess.py:93} INFO - The `source-paths` config has been renamed to `model-paths`. Please update your
[2026-03-24T15:39:59.128+0000] {subprocess.py:93} INFO - `dbt_project.yml` configuration to reflect this change.
[2026-03-24T15:39:59.218+0000] {subprocess.py:93} INFO - [0m15:39:59  Registered adapter: ***=1.8.2
[2026-03-24T15:39:59.405+0000] {subprocess.py:93} INFO - [0m15:39:59  Found 4 models, 4 data tests, 1 source, 423 macros
[2026-03-24T15:39:59.407+0000] {subprocess.py:93} INFO - [0m15:39:59
[2026-03-24T15:39:59.407+0000] {subprocess.py:93} INFO - [0m15:39:59  Concurrency: 1 threads (target='dev')
[2026-03-24T15:39:59.407+0000] {subprocess.py:93} INFO - [0m15:39:59
[2026-03-24T15:39:59.470+0000] {subprocess.py:93} INFO - [0m15:39:59  1 of 4 START sql view model public.daily_returns ............................... [RUN]
[2026-03-24T15:39:59.524+0000] {subprocess.py:93} INFO - [0m15:39:59  1 of 4 OK created sql view model public.daily_returns .......................... [[32mCREATE VIEW[0m in 0.05s]
[2026-03-24T15:39:59.525+0000] {subprocess.py:93} INFO - [0m15:39:59  2 of 4 START sql view model public.monthly_volume .............................. [RUN]
[2026-03-24T15:39:59.544+0000] {subprocess.py:93} INFO - [0m15:39:59  2 of 4 OK created sql view model public.monthly_volume ......................... [[32mCREATE VIEW[0m in 0.02s]
[2026-03-24T15:39:59.545+0000] {subprocess.py:93} INFO - [0m15:39:59  3 of 4 START sql table model public.my_first_dbt_model ......................... [RUN]
[2026-03-24T15:39:59.602+0000] {subprocess.py:93} INFO - [0m15:39:59  3 of 4 OK created sql table model public.my_first_dbt_model .................... [[32mSELECT 2[0m in 0.06s]
[2026-03-24T15:39:59.603+0000] {subprocess.py:93} INFO - [0m15:39:59  4 of 4 START sql view model public.my_second_dbt_model ......................... [RUN]
[2026-03-24T15:39:59.621+0000] {subprocess.py:93} INFO - [0m15:39:59  4 of 4 OK created sql view model public.my_second_dbt_model .................... [[32mCREATE VIEW[0m in 0.02s]
[2026-03-24T15:39:59.628+0000] {subprocess.py:93} INFO - [0m15:39:59
[2026-03-24T15:39:59.628+0000] {subprocess.py:93} INFO - [0m15:39:59  Finished running 1 table model, 3 view models in 0 hours 0 minutes and 0.22 seconds (0.22s).
[2026-03-24T15:39:59.651+0000] {subprocess.py:93} INFO - [0m15:39:59
[2026-03-24T15:39:59.652+0000] {subprocess.py:93} INFO - [0m15:39:59  [32mCompleted successfully[0m
[2026-03-24T15:39:59.652+0000] {subprocess.py:93} INFO - [0m15:39:59
[2026-03-24T15:39:59.652+0000] {subprocess.py:93} INFO - [0m15:39:59  Done. PASS=4 WARN=0 ERROR=0 SKIP=0 TOTAL=4
[2026-03-24T15:40:00.312+0000] {subprocess.py:97} INFO - Command exited with return code 0
[2026-03-24T15:40:00.325+0000] {taskinstance.py:1400} INFO - Marking task as SUCCESS. dag_id=stock_pipeline, task_id=run_dbt, execution_date=20260324T153310, start_date=20260324T153958, end_date=20260324T154000
[2026-03-24T15:40:00.340+0000] {local_task_job_runner.py:228} INFO - Task exited with return code 0
[2026-03-24T15:40:00.348+0000] {taskinstance.py:2778} INFO - 0 downstream tasks scheduled from follow-on schedule check
