[2026-03-25T09:47:47.892+0000] {taskinstance.py:1159} INFO - Dependencies all met for dep_context=non-requeueable deps ti=<TaskInstance: stock_pipeline.run_dbt manual__2026-03-25T09:47:25.278923+00:00 [queued]>
[2026-03-25T09:47:47.895+0000] {taskinstance.py:1159} INFO - Dependencies all met for dep_context=requeueable deps ti=<TaskInstance: stock_pipeline.run_dbt manual__2026-03-25T09:47:25.278923+00:00 [queued]>
[2026-03-25T09:47:47.895+0000] {taskinstance.py:1361} INFO - Starting attempt 1 of 3
[2026-03-25T09:47:47.900+0000] {taskinstance.py:1382} INFO - Executing <Task(BashOperator): run_dbt> on 2026-03-25 09:47:25.278923+00:00
[2026-03-25T09:47:47.903+0000] {standard_task_runner.py:57} INFO - Started process 578 to run task
[2026-03-25T09:47:47.904+0000] {standard_task_runner.py:84} INFO - Running: ['airflow', 'tasks', 'run', 'stock_pipeline', 'run_dbt', 'manual__2026-03-25T09:47:25.278923+00:00', '--job-id', '5', '--raw', '--subdir', 'DAGS_FOLDER/stocks_pipeline_dag.py', '--cfg-path', '/tmp/tmp_rff4m_k']
[2026-03-25T09:47:47.905+0000] {standard_task_runner.py:85} INFO - Job 5: Subtask run_dbt
[2026-03-25T09:47:47.925+0000] {task_command.py:416} INFO - Running <TaskInstance: stock_pipeline.run_dbt manual__2026-03-25T09:47:25.278923+00:00 [running]> on host 4fab4eeec372
[2026-03-25T09:47:47.957+0000] {taskinstance.py:1662} INFO - Exporting env vars: AIRFLOW_CTX_DAG_OWNER='airflow' AIRFLOW_CTX_DAG_ID='stock_pipeline' AIRFLOW_CTX_TASK_ID='run_dbt' AIRFLOW_CTX_EXECUTION_DATE='2026-03-25T09:47:25.278923+00:00' AIRFLOW_CTX_TRY_NUMBER='1' AIRFLOW_CTX_DAG_RUN_ID='manual__2026-03-25T09:47:25.278923+00:00'
[2026-03-25T09:47:47.957+0000] {subprocess.py:63} INFO - Tmp dir root location: /tmp
[2026-03-25T09:47:47.958+0000] {subprocess.py:75} INFO - Running command: ['/bin/bash', '-c', 'cd /opt/stocks-proj/dbt && dbt run']
[2026-03-25T09:47:47.962+0000] {subprocess.py:86} INFO - Output:
[2026-03-25T09:47:48.834+0000] {subprocess.py:93} INFO - [0m09:47:48  Running with dbt=1.9.0-b2
[2026-03-25T09:47:48.863+0000] {subprocess.py:93} INFO - [0m09:47:48  [[33mWARNING[0m]: Deprecated functionality
[2026-03-25T09:47:48.863+0000] {subprocess.py:93} INFO - The `source-paths` config has been renamed to `model-paths`. Please update your
[2026-03-25T09:47:48.864+0000] {subprocess.py:93} INFO - `dbt_project.yml` configuration to reflect this change.
[2026-03-25T09:47:48.951+0000] {subprocess.py:93} INFO - [0m09:47:48  Registered adapter: ***=1.8.2
[2026-03-25T09:47:49.137+0000] {subprocess.py:93} INFO - [0m09:47:49  Found 4 models, 4 data tests, 1 source, 423 macros
[2026-03-25T09:47:49.138+0000] {subprocess.py:93} INFO - [0m09:47:49
[2026-03-25T09:47:49.138+0000] {subprocess.py:93} INFO - [0m09:47:49  Concurrency: 1 threads (target='dev')
[2026-03-25T09:47:49.138+0000] {subprocess.py:93} INFO - [0m09:47:49
[2026-03-25T09:47:49.202+0000] {subprocess.py:93} INFO - [0m09:47:49  1 of 4 START sql view model public.daily_returns ............................... [RUN]
[2026-03-25T09:47:49.261+0000] {subprocess.py:93} INFO - [0m09:47:49  1 of 4 OK created sql view model public.daily_returns .......................... [[32mCREATE VIEW[0m in 0.06s]
[2026-03-25T09:47:49.262+0000] {subprocess.py:93} INFO - [0m09:47:49  2 of 4 START sql view model public.monthly_volume .............................. [RUN]
[2026-03-25T09:47:49.284+0000] {subprocess.py:93} INFO - [0m09:47:49  2 of 4 OK created sql view model public.monthly_volume ......................... [[32mCREATE VIEW[0m in 0.02s]
[2026-03-25T09:47:49.285+0000] {subprocess.py:93} INFO - [0m09:47:49  3 of 4 START sql table model public.my_first_dbt_model ......................... [RUN]
[2026-03-25T09:47:49.345+0000] {subprocess.py:93} INFO - [0m09:47:49  3 of 4 OK created sql table model public.my_first_dbt_model .................... [[32mSELECT 2[0m in 0.06s]
[2026-03-25T09:47:49.346+0000] {subprocess.py:93} INFO - [0m09:47:49  4 of 4 START sql view model public.my_second_dbt_model ......................... [RUN]
[2026-03-25T09:47:49.364+0000] {subprocess.py:93} INFO - [0m09:47:49  4 of 4 OK created sql view model public.my_second_dbt_model .................... [[32mCREATE VIEW[0m in 0.02s]
[2026-03-25T09:47:49.371+0000] {subprocess.py:93} INFO - [0m09:47:49
[2026-03-25T09:47:49.371+0000] {subprocess.py:93} INFO - [0m09:47:49  Finished running 1 table model, 3 view models in 0 hours 0 minutes and 0.23 seconds (0.23s).
[2026-03-25T09:47:49.393+0000] {subprocess.py:93} INFO - [0m09:47:49
[2026-03-25T09:47:49.393+0000] {subprocess.py:93} INFO - [0m09:47:49  [32mCompleted successfully[0m
[2026-03-25T09:47:49.394+0000] {subprocess.py:93} INFO - [0m09:47:49
[2026-03-25T09:47:49.394+0000] {subprocess.py:93} INFO - [0m09:47:49  Done. PASS=4 WARN=0 ERROR=0 SKIP=0 TOTAL=4
[2026-03-25T09:47:50.025+0000] {subprocess.py:97} INFO - Command exited with return code 0
[2026-03-25T09:47:50.037+0000] {taskinstance.py:1400} INFO - Marking task as SUCCESS. dag_id=stock_pipeline, task_id=run_dbt, execution_date=20260325T094725, start_date=20260325T094747, end_date=20260325T094750
[2026-03-25T09:47:50.068+0000] {local_task_job_runner.py:228} INFO - Task exited with return code 0
[2026-03-25T09:47:50.076+0000] {taskinstance.py:2778} INFO - 0 downstream tasks scheduled from follow-on schedule check
