[2026-03-25T09:06:01.701+0000] {taskinstance.py:1159} INFO - Dependencies all met for dep_context=non-requeueable deps ti=<TaskInstance: stock_pipeline.run_dbt manual__2026-03-25T09:04:13.390792+00:00 [queued]>
[2026-03-25T09:06:01.704+0000] {taskinstance.py:1159} INFO - Dependencies all met for dep_context=requeueable deps ti=<TaskInstance: stock_pipeline.run_dbt manual__2026-03-25T09:04:13.390792+00:00 [queued]>
[2026-03-25T09:06:01.704+0000] {taskinstance.py:1361} INFO - Starting attempt 1 of 3
[2026-03-25T09:06:01.709+0000] {taskinstance.py:1382} INFO - Executing <Task(BashOperator): run_dbt> on 2026-03-25 09:04:13.390792+00:00
[2026-03-25T09:06:01.711+0000] {standard_task_runner.py:57} INFO - Started process 283 to run task
[2026-03-25T09:06:01.713+0000] {standard_task_runner.py:84} INFO - Running: ['airflow', 'tasks', 'run', 'stock_pipeline', 'run_dbt', 'manual__2026-03-25T09:04:13.390792+00:00', '--job-id', '5', '--raw', '--subdir', 'DAGS_FOLDER/stocks_pipeline_dag.py', '--cfg-path', '/tmp/tmphq4fkys5']
[2026-03-25T09:06:01.714+0000] {standard_task_runner.py:85} INFO - Job 5: Subtask run_dbt
[2026-03-25T09:06:01.733+0000] {task_command.py:416} INFO - Running <TaskInstance: stock_pipeline.run_dbt manual__2026-03-25T09:04:13.390792+00:00 [running]> on host e886ca1dac06
[2026-03-25T09:06:01.766+0000] {taskinstance.py:1662} INFO - Exporting env vars: AIRFLOW_CTX_DAG_OWNER='airflow' AIRFLOW_CTX_DAG_ID='stock_pipeline' AIRFLOW_CTX_TASK_ID='run_dbt' AIRFLOW_CTX_EXECUTION_DATE='2026-03-25T09:04:13.390792+00:00' AIRFLOW_CTX_TRY_NUMBER='1' AIRFLOW_CTX_DAG_RUN_ID='manual__2026-03-25T09:04:13.390792+00:00'
[2026-03-25T09:06:01.766+0000] {subprocess.py:63} INFO - Tmp dir root location: /tmp
[2026-03-25T09:06:01.767+0000] {subprocess.py:75} INFO - Running command: ['/bin/bash', '-c', 'cd /opt/stocks-proj/dbt && dbt run']
[2026-03-25T09:06:01.770+0000] {subprocess.py:86} INFO - Output:
[2026-03-25T09:06:02.610+0000] {subprocess.py:93} INFO - [0m09:06:02  Running with dbt=1.9.0-b2
[2026-03-25T09:06:02.641+0000] {subprocess.py:93} INFO - [0m09:06:02  [[33mWARNING[0m]: Deprecated functionality
[2026-03-25T09:06:02.641+0000] {subprocess.py:93} INFO - The `source-paths` config has been renamed to `model-paths`. Please update your
[2026-03-25T09:06:02.641+0000] {subprocess.py:93} INFO - `dbt_project.yml` configuration to reflect this change.
[2026-03-25T09:06:02.725+0000] {subprocess.py:93} INFO - [0m09:06:02  Registered adapter: ***=1.8.2
[2026-03-25T09:06:02.909+0000] {subprocess.py:93} INFO - [0m09:06:02  Found 4 models, 4 data tests, 1 source, 423 macros
[2026-03-25T09:06:02.910+0000] {subprocess.py:93} INFO - [0m09:06:02
[2026-03-25T09:06:02.910+0000] {subprocess.py:93} INFO - [0m09:06:02  Concurrency: 1 threads (target='dev')
[2026-03-25T09:06:02.911+0000] {subprocess.py:93} INFO - [0m09:06:02
[2026-03-25T09:06:02.973+0000] {subprocess.py:93} INFO - [0m09:06:02  1 of 4 START sql view model public.daily_returns ............................... [RUN]
[2026-03-25T09:06:03.031+0000] {subprocess.py:93} INFO - [0m09:06:03  1 of 4 OK created sql view model public.daily_returns .......................... [[32mCREATE VIEW[0m in 0.06s]
[2026-03-25T09:06:03.032+0000] {subprocess.py:93} INFO - [0m09:06:03  2 of 4 START sql view model public.monthly_volume .............................. [RUN]
[2026-03-25T09:06:03.054+0000] {subprocess.py:93} INFO - [0m09:06:03  2 of 4 OK created sql view model public.monthly_volume ......................... [[32mCREATE VIEW[0m in 0.02s]
[2026-03-25T09:06:03.055+0000] {subprocess.py:93} INFO - [0m09:06:03  3 of 4 START sql table model public.my_first_dbt_model ......................... [RUN]
[2026-03-25T09:06:03.116+0000] {subprocess.py:93} INFO - [0m09:06:03  3 of 4 OK created sql table model public.my_first_dbt_model .................... [[32mSELECT 2[0m in 0.06s]
[2026-03-25T09:06:03.118+0000] {subprocess.py:93} INFO - [0m09:06:03  4 of 4 START sql view model public.my_second_dbt_model ......................... [RUN]
[2026-03-25T09:06:03.136+0000] {subprocess.py:93} INFO - [0m09:06:03  4 of 4 OK created sql view model public.my_second_dbt_model .................... [[32mCREATE VIEW[0m in 0.02s]
[2026-03-25T09:06:03.142+0000] {subprocess.py:93} INFO - [0m09:06:03
[2026-03-25T09:06:03.142+0000] {subprocess.py:93} INFO - [0m09:06:03  Finished running 1 table model, 3 view models in 0 hours 0 minutes and 0.23 seconds (0.23s).
[2026-03-25T09:06:03.164+0000] {subprocess.py:93} INFO - [0m09:06:03
[2026-03-25T09:06:03.165+0000] {subprocess.py:93} INFO - [0m09:06:03  [32mCompleted successfully[0m
[2026-03-25T09:06:03.165+0000] {subprocess.py:93} INFO - [0m09:06:03
[2026-03-25T09:06:03.165+0000] {subprocess.py:93} INFO - [0m09:06:03  Done. PASS=4 WARN=0 ERROR=0 SKIP=0 TOTAL=4
[2026-03-25T09:06:03.746+0000] {subprocess.py:97} INFO - Command exited with return code 0
[2026-03-25T09:06:03.759+0000] {taskinstance.py:1400} INFO - Marking task as SUCCESS. dag_id=stock_pipeline, task_id=run_dbt, execution_date=20260325T090413, start_date=20260325T090601, end_date=20260325T090603
[2026-03-25T09:06:03.806+0000] {local_task_job_runner.py:228} INFO - Task exited with return code 0
[2026-03-25T09:06:03.815+0000] {taskinstance.py:2778} INFO - 0 downstream tasks scheduled from follow-on schedule check
