[2026-03-25T09:10:18.036+0000] {taskinstance.py:1159} INFO - Dependencies all met for dep_context=non-requeueable deps ti=<TaskInstance: stock_pipeline.run_dbt manual__2026-03-25T09:04:13.390792+00:00 [queued]>
[2026-03-25T09:10:18.040+0000] {taskinstance.py:1159} INFO - Dependencies all met for dep_context=requeueable deps ti=<TaskInstance: stock_pipeline.run_dbt manual__2026-03-25T09:04:13.390792+00:00 [queued]>
[2026-03-25T09:10:18.040+0000] {taskinstance.py:1361} INFO - Starting attempt 2 of 4
[2026-03-25T09:10:18.044+0000] {taskinstance.py:1382} INFO - Executing <Task(BashOperator): run_dbt> on 2026-03-25 09:04:13.390792+00:00
[2026-03-25T09:10:18.047+0000] {standard_task_runner.py:57} INFO - Started process 346 to run task
[2026-03-25T09:10:18.048+0000] {standard_task_runner.py:84} INFO - Running: ['airflow', 'tasks', 'run', 'stock_pipeline', 'run_dbt', 'manual__2026-03-25T09:04:13.390792+00:00', '--job-id', '7', '--raw', '--subdir', 'DAGS_FOLDER/stocks_pipeline_dag.py', '--cfg-path', '/tmp/tmpea23nalf']
[2026-03-25T09:10:18.049+0000] {standard_task_runner.py:85} INFO - Job 7: Subtask run_dbt
[2026-03-25T09:10:18.069+0000] {task_command.py:416} INFO - Running <TaskInstance: stock_pipeline.run_dbt manual__2026-03-25T09:04:13.390792+00:00 [running]> on host e886ca1dac06
[2026-03-25T09:10:18.101+0000] {taskinstance.py:1662} INFO - Exporting env vars: AIRFLOW_CTX_DAG_OWNER='airflow' AIRFLOW_CTX_DAG_ID='stock_pipeline' AIRFLOW_CTX_TASK_ID='run_dbt' AIRFLOW_CTX_EXECUTION_DATE='2026-03-25T09:04:13.390792+00:00' AIRFLOW_CTX_TRY_NUMBER='2' AIRFLOW_CTX_DAG_RUN_ID='manual__2026-03-25T09:04:13.390792+00:00'
[2026-03-25T09:10:18.102+0000] {subprocess.py:63} INFO - Tmp dir root location: /tmp
[2026-03-25T09:10:18.102+0000] {subprocess.py:75} INFO - Running command: ['/bin/bash', '-c', 'cd /opt/stocks-proj/dbt && dbt run']
[2026-03-25T09:10:18.106+0000] {subprocess.py:86} INFO - Output:
[2026-03-25T09:10:18.985+0000] {subprocess.py:93} INFO - [0m09:10:18  Running with dbt=1.9.0-b2
[2026-03-25T09:10:19.016+0000] {subprocess.py:93} INFO - [0m09:10:19  [[33mWARNING[0m]: Deprecated functionality
[2026-03-25T09:10:19.017+0000] {subprocess.py:93} INFO - The `source-paths` config has been renamed to `model-paths`. Please update your
[2026-03-25T09:10:19.017+0000] {subprocess.py:93} INFO - `dbt_project.yml` configuration to reflect this change.
[2026-03-25T09:10:19.106+0000] {subprocess.py:93} INFO - [0m09:10:19  Registered adapter: ***=1.8.2
[2026-03-25T09:10:19.289+0000] {subprocess.py:93} INFO - [0m09:10:19  Found 4 models, 4 data tests, 1 source, 423 macros
[2026-03-25T09:10:19.291+0000] {subprocess.py:93} INFO - [0m09:10:19
[2026-03-25T09:10:19.291+0000] {subprocess.py:93} INFO - [0m09:10:19  Concurrency: 1 threads (target='dev')
[2026-03-25T09:10:19.291+0000] {subprocess.py:93} INFO - [0m09:10:19
[2026-03-25T09:10:19.355+0000] {subprocess.py:93} INFO - [0m09:10:19  1 of 4 START sql view model public.daily_returns ............................... [RUN]
[2026-03-25T09:10:19.413+0000] {subprocess.py:93} INFO - [0m09:10:19  1 of 4 OK created sql view model public.daily_returns .......................... [[32mCREATE VIEW[0m in 0.06s]
[2026-03-25T09:10:19.414+0000] {subprocess.py:93} INFO - [0m09:10:19  2 of 4 START sql view model public.monthly_volume .............................. [RUN]
[2026-03-25T09:10:19.436+0000] {subprocess.py:93} INFO - [0m09:10:19  2 of 4 OK created sql view model public.monthly_volume ......................... [[32mCREATE VIEW[0m in 0.02s]
[2026-03-25T09:10:19.437+0000] {subprocess.py:93} INFO - [0m09:10:19  3 of 4 START sql table model public.my_first_dbt_model ......................... [RUN]
[2026-03-25T09:10:19.496+0000] {subprocess.py:93} INFO - [0m09:10:19  3 of 4 OK created sql table model public.my_first_dbt_model .................... [[32mSELECT 2[0m in 0.06s]
[2026-03-25T09:10:19.498+0000] {subprocess.py:93} INFO - [0m09:10:19  4 of 4 START sql view model public.my_second_dbt_model ......................... [RUN]
[2026-03-25T09:10:19.517+0000] {subprocess.py:93} INFO - [0m09:10:19  4 of 4 OK created sql view model public.my_second_dbt_model .................... [[32mCREATE VIEW[0m in 0.02s]
[2026-03-25T09:10:19.522+0000] {subprocess.py:93} INFO - [0m09:10:19
[2026-03-25T09:10:19.523+0000] {subprocess.py:93} INFO - [0m09:10:19  Finished running 1 table model, 3 view models in 0 hours 0 minutes and 0.23 seconds (0.23s).
[2026-03-25T09:10:19.545+0000] {subprocess.py:93} INFO - [0m09:10:19
[2026-03-25T09:10:19.546+0000] {subprocess.py:93} INFO - [0m09:10:19  [32mCompleted successfully[0m
[2026-03-25T09:10:19.546+0000] {subprocess.py:93} INFO - [0m09:10:19
[2026-03-25T09:10:19.546+0000] {subprocess.py:93} INFO - [0m09:10:19  Done. PASS=4 WARN=0 ERROR=0 SKIP=0 TOTAL=4
[2026-03-25T09:10:20.318+0000] {subprocess.py:97} INFO - Command exited with return code 0
[2026-03-25T09:10:20.330+0000] {taskinstance.py:1400} INFO - Marking task as SUCCESS. dag_id=stock_pipeline, task_id=run_dbt, execution_date=20260325T090413, start_date=20260325T091018, end_date=20260325T091020
[2026-03-25T09:10:20.338+0000] {local_task_job_runner.py:228} INFO - Task exited with return code 0
[2026-03-25T09:10:20.346+0000] {taskinstance.py:2778} INFO - 0 downstream tasks scheduled from follow-on schedule check
