[2026-03-25T09:04:10.643+0000] {taskinstance.py:1159} INFO - Dependencies all met for dep_context=non-requeueable deps ti=<TaskInstance: stock_pipeline.fetch_and_store scheduled__2026-03-24T00:00:00+00:00 [queued]>
[2026-03-25T09:04:10.646+0000] {taskinstance.py:1159} INFO - Dependencies all met for dep_context=requeueable deps ti=<TaskInstance: stock_pipeline.fetch_and_store scheduled__2026-03-24T00:00:00+00:00 [queued]>
[2026-03-25T09:04:10.646+0000] {taskinstance.py:1361} INFO - Starting attempt 1 of 3
[2026-03-25T09:04:10.651+0000] {taskinstance.py:1382} INFO - Executing <Task(PythonOperator): fetch_and_store> on 2026-03-24 00:00:00+00:00
[2026-03-25T09:04:10.653+0000] {standard_task_runner.py:57} INFO - Started process 241 to run task
[2026-03-25T09:04:10.655+0000] {standard_task_runner.py:84} INFO - Running: ['airflow', 'tasks', 'run', 'stock_pipeline', 'fetch_and_store', 'scheduled__2026-03-24T00:00:00+00:00', '--job-id', '2', '--raw', '--subdir', 'DAGS_FOLDER/stocks_pipeline_dag.py', '--cfg-path', '/tmp/tmp_7in4w51']
[2026-03-25T09:04:10.656+0000] {standard_task_runner.py:85} INFO - Job 2: Subtask fetch_and_store
[2026-03-25T09:04:10.680+0000] {task_command.py:416} INFO - Running <TaskInstance: stock_pipeline.fetch_and_store scheduled__2026-03-24T00:00:00+00:00 [running]> on host e886ca1dac06
[2026-03-25T09:04:10.713+0000] {taskinstance.py:1662} INFO - Exporting env vars: AIRFLOW_CTX_DAG_OWNER='airflow' AIRFLOW_CTX_DAG_ID='stock_pipeline' AIRFLOW_CTX_TASK_ID='fetch_and_store' AIRFLOW_CTX_EXECUTION_DATE='2026-03-24T00:00:00+00:00' AIRFLOW_CTX_TRY_NUMBER='1' AIRFLOW_CTX_DAG_RUN_ID='scheduled__2026-03-24T00:00:00+00:00'
[2026-03-25T09:04:10.714+0000] {logging_mixin.py:154} INFO - Fetching CRWD, attempt 1...
[2026-03-25T09:04:11.001+0000] {logging_mixin.py:154} INFO - Attempt 1 failed for CRWD: We have detected your API key as R6T2QVRWEY6MX2F8 and our standard API rate limit is 25 requests per day. Please subscribe to any of the premium plans at https://www.alphavantage.co/premium/ to instantly remove all daily rate limits.
[2026-03-25T09:04:26.020+0000] {logging_mixin.py:154} INFO - Fetching CRWD, attempt 2...
[2026-03-25T09:04:26.194+0000] {logging_mixin.py:154} INFO - Attempt 2 failed for CRWD: We have detected your API key as R6T2QVRWEY6MX2F8 and our standard API rate limit is 25 requests per day. Please subscribe to any of the premium plans at https://www.alphavantage.co/premium/ to instantly remove all daily rate limits.
[2026-03-25T09:04:41.220+0000] {logging_mixin.py:154} INFO - Fetching CRWD, attempt 3...
[2026-03-25T09:04:41.381+0000] {logging_mixin.py:154} INFO - Attempt 3 failed for CRWD: We have detected your API key as R6T2QVRWEY6MX2F8 and our standard API rate limit is 25 requests per day. Please subscribe to any of the premium plans at https://www.alphavantage.co/premium/ to instantly remove all daily rate limits.
[2026-03-25T09:04:56.404+0000] {logging_mixin.py:154} INFO - Failed to fetch data for CRWD after 3 attempts.
[2026-03-25T09:04:56.414+0000] {logging_mixin.py:154} INFO - No data for CRWD
[2026-03-25T09:05:11.431+0000] {logging_mixin.py:154} INFO - Fetching PLTR, attempt 1...
[2026-03-25T09:05:11.605+0000] {logging_mixin.py:154} INFO - Attempt 1 failed for PLTR: We have detected your API key as R6T2QVRWEY6MX2F8 and our standard API rate limit is 25 requests per day. Please subscribe to any of the premium plans at https://www.alphavantage.co/premium/ to instantly remove all daily rate limits.
[2026-03-25T09:05:26.625+0000] {logging_mixin.py:154} INFO - Fetching PLTR, attempt 2...
[2026-03-25T09:05:26.799+0000] {logging_mixin.py:154} INFO - Attempt 2 failed for PLTR: We have detected your API key as R6T2QVRWEY6MX2F8 and our standard API rate limit is 25 requests per day. Please subscribe to any of the premium plans at https://www.alphavantage.co/premium/ to instantly remove all daily rate limits.
[2026-03-25T09:05:41.812+0000] {logging_mixin.py:154} INFO - Fetching PLTR, attempt 3...
[2026-03-25T09:05:41.975+0000] {logging_mixin.py:154} INFO - Attempt 3 failed for PLTR: We have detected your API key as R6T2QVRWEY6MX2F8 and our standard API rate limit is 25 requests per day. Please subscribe to any of the premium plans at https://www.alphavantage.co/premium/ to instantly remove all daily rate limits.
[2026-03-25T09:05:57.007+0000] {logging_mixin.py:154} INFO - Failed to fetch data for PLTR after 3 attempts.
[2026-03-25T09:05:57.010+0000] {logging_mixin.py:154} INFO - No data for PLTR
[2026-03-25T09:05:57.011+0000] {logging_mixin.py:154} INFO - No data to insert.
[2026-03-25T09:05:57.012+0000] {python.py:194} INFO - Done. Returned value was: None
[2026-03-25T09:05:57.028+0000] {taskinstance.py:1400} INFO - Marking task as SUCCESS. dag_id=stock_pipeline, task_id=fetch_and_store, execution_date=20260324T000000, start_date=20260325T090410, end_date=20260325T090557
[2026-03-25T09:05:57.064+0000] {local_task_job_runner.py:228} INFO - Task exited with return code 0
[2026-03-25T09:05:57.079+0000] {taskinstance.py:2778} INFO - 1 downstream tasks scheduled from follow-on schedule check
[2026-03-25T09:16:34.471+0000] {taskinstance.py:1159} INFO - Dependencies all met for dep_context=non-requeueable deps ti=<TaskInstance: stock_pipeline.fetch_and_store scheduled__2026-03-24T00:00:00+00:00 [queued]>
[2026-03-25T09:16:34.475+0000] {taskinstance.py:1159} INFO - Dependencies all met for dep_context=requeueable deps ti=<TaskInstance: stock_pipeline.fetch_and_store scheduled__2026-03-24T00:00:00+00:00 [queued]>
[2026-03-25T09:16:34.475+0000] {taskinstance.py:1361} INFO - Starting attempt 1 of 3
[2026-03-25T09:16:34.480+0000] {taskinstance.py:1382} INFO - Executing <Task(PythonOperator): fetch_and_store> on 2026-03-24 00:00:00+00:00
[2026-03-25T09:16:34.482+0000] {standard_task_runner.py:57} INFO - Started process 241 to run task
[2026-03-25T09:16:34.485+0000] {standard_task_runner.py:84} INFO - Running: ['airflow', 'tasks', 'run', 'stock_pipeline', 'fetch_and_store', 'scheduled__2026-03-24T00:00:00+00:00', '--job-id', '2', '--raw', '--subdir', 'DAGS_FOLDER/stocks_pipeline_dag.py', '--cfg-path', '/tmp/tmpuubs6ger']
[2026-03-25T09:16:34.486+0000] {standard_task_runner.py:85} INFO - Job 2: Subtask fetch_and_store
[2026-03-25T09:16:34.511+0000] {task_command.py:416} INFO - Running <TaskInstance: stock_pipeline.fetch_and_store scheduled__2026-03-24T00:00:00+00:00 [running]> on host cf7ee521e6bd
[2026-03-25T09:16:34.543+0000] {taskinstance.py:1662} INFO - Exporting env vars: AIRFLOW_CTX_DAG_OWNER='airflow' AIRFLOW_CTX_DAG_ID='stock_pipeline' AIRFLOW_CTX_TASK_ID='fetch_and_store' AIRFLOW_CTX_EXECUTION_DATE='2026-03-24T00:00:00+00:00' AIRFLOW_CTX_TRY_NUMBER='1' AIRFLOW_CTX_DAG_RUN_ID='scheduled__2026-03-24T00:00:00+00:00'
[2026-03-25T09:16:34.544+0000] {logging_mixin.py:154} INFO - Fetching CRWD, attempt 1...
[2026-03-25T09:16:54.863+0000] {logging_mixin.py:154} INFO - Fetching PLTR, attempt 1...
[2026-03-25T09:16:55.197+0000] {taskinstance.py:1937} ERROR - Task failed with exception
Traceback (most recent call last):
  File "/home/airflow/.local/lib/python3.8/site-packages/airflow/operators/python.py", line 192, in execute
    return_value = self.execute_callable()
  File "/home/airflow/.local/lib/python3.8/site-packages/airflow/operators/python.py", line 209, in execute_callable
    return self.python_callable(*self.op_args, **self.op_kwargs)
  File "/opt/airflow/dags/stocks_pipeline_dag.py", line 30, in fetch_and_store
    insert_to_postgres(df)
  File "/opt/stocks-proj/ingestion/fetch_stocks.py", line 92, in insert_to_postgres
    execute_values(cur, sql, records)
  File "/home/airflow/.local/lib/python3.8/site-packages/psycopg2/extras.py", line 1299, in execute_values
    cur.execute(b''.join(parts))
psycopg2.errors.InvalidColumnReference: there is no unique or exclusion constraint matching the ON CONFLICT specification

[2026-03-25T09:16:55.203+0000] {taskinstance.py:1400} INFO - Marking task as UP_FOR_RETRY. dag_id=stock_pipeline, task_id=fetch_and_store, execution_date=20260324T000000, start_date=20260325T091634, end_date=20260325T091655
[2026-03-25T09:16:55.208+0000] {standard_task_runner.py:104} ERROR - Failed to execute job 2 for task fetch_and_store (there is no unique or exclusion constraint matching the ON CONFLICT specification
; 241)
[2026-03-25T09:16:55.223+0000] {local_task_job_runner.py:228} INFO - Task exited with return code 1
[2026-03-25T09:16:55.234+0000] {taskinstance.py:2778} INFO - 0 downstream tasks scheduled from follow-on schedule check
[2026-03-25T09:20:59.250+0000] {taskinstance.py:1159} INFO - Dependencies all met for dep_context=non-requeueable deps ti=<TaskInstance: stock_pipeline.fetch_and_store scheduled__2026-03-24T00:00:00+00:00 [queued]>
[2026-03-25T09:20:59.254+0000] {taskinstance.py:1159} INFO - Dependencies all met for dep_context=requeueable deps ti=<TaskInstance: stock_pipeline.fetch_and_store scheduled__2026-03-24T00:00:00+00:00 [queued]>
[2026-03-25T09:20:59.254+0000] {taskinstance.py:1361} INFO - Starting attempt 1 of 3
[2026-03-25T09:20:59.259+0000] {taskinstance.py:1382} INFO - Executing <Task(PythonOperator): fetch_and_store> on 2026-03-24 00:00:00+00:00
[2026-03-25T09:20:59.260+0000] {standard_task_runner.py:57} INFO - Started process 242 to run task
[2026-03-25T09:20:59.263+0000] {standard_task_runner.py:84} INFO - Running: ['airflow', 'tasks', 'run', 'stock_pipeline', 'fetch_and_store', 'scheduled__2026-03-24T00:00:00+00:00', '--job-id', '2', '--raw', '--subdir', 'DAGS_FOLDER/stocks_pipeline_dag.py', '--cfg-path', '/tmp/tmpv84_zqr6']
[2026-03-25T09:20:59.264+0000] {standard_task_runner.py:85} INFO - Job 2: Subtask fetch_and_store
[2026-03-25T09:20:59.288+0000] {task_command.py:416} INFO - Running <TaskInstance: stock_pipeline.fetch_and_store scheduled__2026-03-24T00:00:00+00:00 [running]> on host 4fab4eeec372
[2026-03-25T09:20:59.321+0000] {taskinstance.py:1662} INFO - Exporting env vars: AIRFLOW_CTX_DAG_OWNER='airflow' AIRFLOW_CTX_DAG_ID='stock_pipeline' AIRFLOW_CTX_TASK_ID='fetch_and_store' AIRFLOW_CTX_EXECUTION_DATE='2026-03-24T00:00:00+00:00' AIRFLOW_CTX_TRY_NUMBER='1' AIRFLOW_CTX_DAG_RUN_ID='scheduled__2026-03-24T00:00:00+00:00'
[2026-03-25T09:20:59.322+0000] {logging_mixin.py:154} INFO - Fetching CRWD, attempt 1...
[2026-03-25T09:21:19.655+0000] {logging_mixin.py:154} INFO - Fetching PLTR, attempt 1...
[2026-03-25T09:21:19.948+0000] {logging_mixin.py:154} INFO - Inserted 200 rows into raw_stock_prices (duplicates ignored).
[2026-03-25T09:21:19.948+0000] {python.py:194} INFO - Done. Returned value was: None
[2026-03-25T09:21:19.954+0000] {taskinstance.py:1400} INFO - Marking task as SUCCESS. dag_id=stock_pipeline, task_id=fetch_and_store, execution_date=20260324T000000, start_date=20260325T092059, end_date=20260325T092119
[2026-03-25T09:21:19.968+0000] {local_task_job_runner.py:228} INFO - Task exited with return code 0
[2026-03-25T09:21:19.978+0000] {taskinstance.py:2778} INFO - 1 downstream tasks scheduled from follow-on schedule check
[2026-03-25T10:56:27.574+0000] {taskinstance.py:1159} INFO - Dependencies all met for dep_context=non-requeueable deps ti=<TaskInstance: stock_pipeline.fetch_and_store scheduled__2026-03-24T00:00:00+00:00 [queued]>
[2026-03-25T10:56:27.578+0000] {taskinstance.py:1159} INFO - Dependencies all met for dep_context=requeueable deps ti=<TaskInstance: stock_pipeline.fetch_and_store scheduled__2026-03-24T00:00:00+00:00 [queued]>
[2026-03-25T10:56:27.578+0000] {taskinstance.py:1361} INFO - Starting attempt 1 of 3
[2026-03-25T10:56:27.583+0000] {taskinstance.py:1382} INFO - Executing <Task(PythonOperator): fetch_and_store> on 2026-03-24 00:00:00+00:00
[2026-03-25T10:56:27.585+0000] {standard_task_runner.py:57} INFO - Started process 242 to run task
[2026-03-25T10:56:27.586+0000] {standard_task_runner.py:84} INFO - Running: ['airflow', 'tasks', 'run', 'stock_pipeline', 'fetch_and_store', 'scheduled__2026-03-24T00:00:00+00:00', '--job-id', '2', '--raw', '--subdir', 'DAGS_FOLDER/stocks_pipeline_dag.py', '--cfg-path', '/tmp/tmp2qpsah19']
[2026-03-25T10:56:27.588+0000] {standard_task_runner.py:85} INFO - Job 2: Subtask fetch_and_store
[2026-03-25T10:56:27.612+0000] {task_command.py:416} INFO - Running <TaskInstance: stock_pipeline.fetch_and_store scheduled__2026-03-24T00:00:00+00:00 [running]> on host 604f04238724
[2026-03-25T10:56:27.645+0000] {taskinstance.py:1662} INFO - Exporting env vars: AIRFLOW_CTX_DAG_OWNER='airflow' AIRFLOW_CTX_DAG_ID='stock_pipeline' AIRFLOW_CTX_TASK_ID='fetch_and_store' AIRFLOW_CTX_EXECUTION_DATE='2026-03-24T00:00:00+00:00' AIRFLOW_CTX_TRY_NUMBER='1' AIRFLOW_CTX_DAG_RUN_ID='scheduled__2026-03-24T00:00:00+00:00'
[2026-03-25T10:56:27.645+0000] {logging_mixin.py:154} INFO - Fetching CRWD, attempt 1...
[2026-03-25T10:56:48.127+0000] {logging_mixin.py:154} INFO - Fetching PLTR, attempt 1...
[2026-03-25T10:56:48.458+0000] {logging_mixin.py:154} INFO - Inserted 200 rows into raw_stock_prices (duplicates ignored).
[2026-03-25T10:56:48.458+0000] {python.py:194} INFO - Done. Returned value was: None
[2026-03-25T10:56:48.465+0000] {taskinstance.py:1400} INFO - Marking task as SUCCESS. dag_id=stock_pipeline, task_id=fetch_and_store, execution_date=20260324T000000, start_date=20260325T105627, end_date=20260325T105648
[2026-03-25T10:56:48.492+0000] {local_task_job_runner.py:228} INFO - Task exited with return code 0
[2026-03-25T10:56:48.505+0000] {taskinstance.py:2778} INFO - 1 downstream tasks scheduled from follow-on schedule check
[2026-03-25T12:44:16.471+0000] {taskinstance.py:1159} INFO - Dependencies all met for dep_context=non-requeueable deps ti=<TaskInstance: stock_pipeline.fetch_and_store scheduled__2026-03-24T00:00:00+00:00 [queued]>
[2026-03-25T12:44:16.475+0000] {taskinstance.py:1159} INFO - Dependencies all met for dep_context=requeueable deps ti=<TaskInstance: stock_pipeline.fetch_and_store scheduled__2026-03-24T00:00:00+00:00 [queued]>
[2026-03-25T12:44:16.475+0000] {taskinstance.py:1361} INFO - Starting attempt 1 of 3
[2026-03-25T12:44:16.479+0000] {taskinstance.py:1382} INFO - Executing <Task(PythonOperator): fetch_and_store> on 2026-03-24 00:00:00+00:00
[2026-03-25T12:44:16.482+0000] {standard_task_runner.py:57} INFO - Started process 242 to run task
[2026-03-25T12:44:16.484+0000] {standard_task_runner.py:84} INFO - Running: ['airflow', 'tasks', 'run', 'stock_pipeline', 'fetch_and_store', 'scheduled__2026-03-24T00:00:00+00:00', '--job-id', '2', '--raw', '--subdir', 'DAGS_FOLDER/stocks_pipeline_dag.py', '--cfg-path', '/tmp/tmpkx0ix51o']
[2026-03-25T12:44:16.485+0000] {standard_task_runner.py:85} INFO - Job 2: Subtask fetch_and_store
[2026-03-25T12:44:16.509+0000] {task_command.py:416} INFO - Running <TaskInstance: stock_pipeline.fetch_and_store scheduled__2026-03-24T00:00:00+00:00 [running]> on host 7bae086e503b
[2026-03-25T12:44:16.543+0000] {taskinstance.py:1662} INFO - Exporting env vars: AIRFLOW_CTX_DAG_OWNER='airflow' AIRFLOW_CTX_DAG_ID='stock_pipeline' AIRFLOW_CTX_TASK_ID='fetch_and_store' AIRFLOW_CTX_EXECUTION_DATE='2026-03-24T00:00:00+00:00' AIRFLOW_CTX_TRY_NUMBER='1' AIRFLOW_CTX_DAG_RUN_ID='scheduled__2026-03-24T00:00:00+00:00'
[2026-03-25T12:44:16.543+0000] {logging_mixin.py:154} INFO - Fetching CRWD, attempt 1...
[2026-03-25T12:44:36.896+0000] {logging_mixin.py:154} INFO - Fetching PLTR, attempt 1...
[2026-03-25T12:44:37.220+0000] {logging_mixin.py:154} INFO - Inserted 200 rows into raw_stock_prices (duplicates ignored).
[2026-03-25T12:44:37.221+0000] {python.py:194} INFO - Done. Returned value was: None
[2026-03-25T12:44:37.227+0000] {taskinstance.py:1400} INFO - Marking task as SUCCESS. dag_id=stock_pipeline, task_id=fetch_and_store, execution_date=20260324T000000, start_date=20260325T124416, end_date=20260325T124437
[2026-03-25T12:44:37.264+0000] {local_task_job_runner.py:228} INFO - Task exited with return code 0
[2026-03-25T12:44:37.278+0000] {taskinstance.py:2778} INFO - 1 downstream tasks scheduled from follow-on schedule check
[2026-03-25T12:56:45.455+0000] {taskinstance.py:1159} INFO - Dependencies all met for dep_context=non-requeueable deps ti=<TaskInstance: stock_pipeline.fetch_and_store scheduled__2026-03-24T00:00:00+00:00 [queued]>
[2026-03-25T12:56:45.459+0000] {taskinstance.py:1159} INFO - Dependencies all met for dep_context=requeueable deps ti=<TaskInstance: stock_pipeline.fetch_and_store scheduled__2026-03-24T00:00:00+00:00 [queued]>
[2026-03-25T12:56:45.459+0000] {taskinstance.py:1361} INFO - Starting attempt 1 of 3
[2026-03-25T12:56:45.464+0000] {taskinstance.py:1382} INFO - Executing <Task(PythonOperator): fetch_and_store> on 2026-03-24 00:00:00+00:00
[2026-03-25T12:56:45.466+0000] {standard_task_runner.py:57} INFO - Started process 242 to run task
[2026-03-25T12:56:45.468+0000] {standard_task_runner.py:84} INFO - Running: ['airflow', 'tasks', 'run', 'stock_pipeline', 'fetch_and_store', 'scheduled__2026-03-24T00:00:00+00:00', '--job-id', '2', '--raw', '--subdir', 'DAGS_FOLDER/stocks_pipeline_dag.py', '--cfg-path', '/tmp/tmpxws4j4m8']
[2026-03-25T12:56:45.469+0000] {standard_task_runner.py:85} INFO - Job 2: Subtask fetch_and_store
[2026-03-25T12:56:45.496+0000] {task_command.py:416} INFO - Running <TaskInstance: stock_pipeline.fetch_and_store scheduled__2026-03-24T00:00:00+00:00 [running]> on host 41686edda57c
[2026-03-25T12:56:45.530+0000] {taskinstance.py:1662} INFO - Exporting env vars: AIRFLOW_CTX_DAG_OWNER='airflow' AIRFLOW_CTX_DAG_ID='stock_pipeline' AIRFLOW_CTX_TASK_ID='fetch_and_store' AIRFLOW_CTX_EXECUTION_DATE='2026-03-24T00:00:00+00:00' AIRFLOW_CTX_TRY_NUMBER='1' AIRFLOW_CTX_DAG_RUN_ID='scheduled__2026-03-24T00:00:00+00:00'
[2026-03-25T12:56:45.531+0000] {logging_mixin.py:154} INFO - Fetching CRWD, attempt 1...
[2026-03-25T12:57:05.960+0000] {logging_mixin.py:154} INFO - Fetching PLTR, attempt 1...
[2026-03-25T12:57:06.312+0000] {logging_mixin.py:154} INFO - Inserted 200 rows into raw_stock_prices (duplicates ignored).
[2026-03-25T12:57:06.312+0000] {python.py:194} INFO - Done. Returned value was: None
[2026-03-25T12:57:06.320+0000] {taskinstance.py:1400} INFO - Marking task as SUCCESS. dag_id=stock_pipeline, task_id=fetch_and_store, execution_date=20260324T000000, start_date=20260325T125645, end_date=20260325T125706
[2026-03-25T12:57:06.331+0000] {local_task_job_runner.py:228} INFO - Task exited with return code 0
[2026-03-25T12:57:06.345+0000] {taskinstance.py:2778} INFO - 1 downstream tasks scheduled from follow-on schedule check
