[2026-03-24T15:32:56.638+0000] {processor.py:157} INFO - Started process (PID=231) to work on /opt/airflow/dags/stocks_pipeline_dag.py
[2026-03-24T15:32:56.639+0000] {processor.py:829} INFO - Processing file /opt/airflow/dags/stocks_pipeline_dag.py for tasks to queue
[2026-03-24T15:32:56.641+0000] {logging_mixin.py:154} INFO - [2026-03-24T15:32:56.641+0000] {dagbag.py:536} INFO - Filling up the DagBag from /opt/airflow/dags/stocks_pipeline_dag.py
[2026-03-24T15:32:56.774+0000] {processor.py:839} INFO - DAG(s) dict_keys(['stock_pipeline']) retrieved from /opt/airflow/dags/stocks_pipeline_dag.py
[2026-03-24T15:32:56.894+0000] {logging_mixin.py:154} INFO - [2026-03-24T15:32:56.894+0000] {manager.py:499} INFO - Created Permission View: %s
[2026-03-24T15:32:56.898+0000] {logging_mixin.py:154} INFO - [2026-03-24T15:32:56.898+0000] {manager.py:499} INFO - Created Permission View: %s
[2026-03-24T15:32:56.900+0000] {logging_mixin.py:154} INFO - [2026-03-24T15:32:56.900+0000] {manager.py:499} INFO - Created Permission View: %s
[2026-03-24T15:32:56.900+0000] {logging_mixin.py:154} INFO - [2026-03-24T15:32:56.900+0000] {dag.py:2941} INFO - Sync 1 DAGs
[2026-03-24T15:32:56.904+0000] {logging_mixin.py:154} INFO - [2026-03-24T15:32:56.904+0000] {dag.py:2963} INFO - Creating ORM DAG for stock_pipeline
[2026-03-24T15:32:56.908+0000] {logging_mixin.py:154} INFO - [2026-03-24T15:32:56.908+0000] {dag.py:3722} INFO - Setting next_dagrun for stock_pipeline to 2026-03-24T00:00:00+00:00, run_after=2026-03-25T00:00:00+00:00
[2026-03-24T15:32:56.913+0000] {processor.py:179} INFO - Processing /opt/airflow/dags/stocks_pipeline_dag.py took 0.277 seconds
[2026-03-24T15:33:27.235+0000] {processor.py:157} INFO - Started process (PID=240) to work on /opt/airflow/dags/stocks_pipeline_dag.py
[2026-03-24T15:33:27.235+0000] {processor.py:829} INFO - Processing file /opt/airflow/dags/stocks_pipeline_dag.py for tasks to queue
[2026-03-24T15:33:27.236+0000] {logging_mixin.py:154} INFO - [2026-03-24T15:33:27.236+0000] {dagbag.py:536} INFO - Filling up the DagBag from /opt/airflow/dags/stocks_pipeline_dag.py
[2026-03-24T15:33:27.369+0000] {processor.py:839} INFO - DAG(s) dict_keys(['stock_pipeline']) retrieved from /opt/airflow/dags/stocks_pipeline_dag.py
[2026-03-24T15:33:27.448+0000] {logging_mixin.py:154} INFO - [2026-03-24T15:33:27.447+0000] {dag.py:2941} INFO - Sync 1 DAGs
[2026-03-24T15:33:27.456+0000] {logging_mixin.py:154} INFO - [2026-03-24T15:33:27.456+0000] {dag.py:3722} INFO - Setting next_dagrun for stock_pipeline to 2026-03-24T00:00:00+00:00, run_after=2026-03-25T00:00:00+00:00
[2026-03-24T15:33:27.462+0000] {processor.py:179} INFO - Processing /opt/airflow/dags/stocks_pipeline_dag.py took 0.231 seconds
[2026-03-24T15:33:57.545+0000] {processor.py:157} INFO - Started process (PID=246) to work on /opt/airflow/dags/stocks_pipeline_dag.py
[2026-03-24T15:33:57.546+0000] {processor.py:829} INFO - Processing file /opt/airflow/dags/stocks_pipeline_dag.py for tasks to queue
[2026-03-24T15:33:57.546+0000] {logging_mixin.py:154} INFO - [2026-03-24T15:33:57.546+0000] {dagbag.py:536} INFO - Filling up the DagBag from /opt/airflow/dags/stocks_pipeline_dag.py
[2026-03-24T15:33:57.748+0000] {processor.py:839} INFO - DAG(s) dict_keys(['stock_pipeline']) retrieved from /opt/airflow/dags/stocks_pipeline_dag.py
[2026-03-24T15:33:57.759+0000] {logging_mixin.py:154} INFO - [2026-03-24T15:33:57.759+0000] {dag.py:2941} INFO - Sync 1 DAGs
[2026-03-24T15:33:57.767+0000] {logging_mixin.py:154} INFO - [2026-03-24T15:33:57.767+0000] {dag.py:3722} INFO - Setting next_dagrun for stock_pipeline to 2026-03-24T00:00:00+00:00, run_after=2026-03-25T00:00:00+00:00
[2026-03-24T15:33:57.774+0000] {processor.py:179} INFO - Processing /opt/airflow/dags/stocks_pipeline_dag.py took 0.233 seconds
[2026-03-24T15:34:28.092+0000] {processor.py:157} INFO - Started process (PID=252) to work on /opt/airflow/dags/stocks_pipeline_dag.py
[2026-03-24T15:34:28.093+0000] {processor.py:829} INFO - Processing file /opt/airflow/dags/stocks_pipeline_dag.py for tasks to queue
[2026-03-24T15:34:28.094+0000] {logging_mixin.py:154} INFO - [2026-03-24T15:34:28.094+0000] {dagbag.py:536} INFO - Filling up the DagBag from /opt/airflow/dags/stocks_pipeline_dag.py
[2026-03-24T15:34:28.292+0000] {processor.py:839} INFO - DAG(s) dict_keys(['stock_pipeline']) retrieved from /opt/airflow/dags/stocks_pipeline_dag.py
[2026-03-24T15:34:28.302+0000] {logging_mixin.py:154} INFO - [2026-03-24T15:34:28.302+0000] {dag.py:2941} INFO - Sync 1 DAGs
[2026-03-24T15:34:28.310+0000] {logging_mixin.py:154} INFO - [2026-03-24T15:34:28.310+0000] {dag.py:3722} INFO - Setting next_dagrun for stock_pipeline to 2026-03-24T00:00:00+00:00, run_after=2026-03-25T00:00:00+00:00
[2026-03-24T15:34:28.316+0000] {processor.py:179} INFO - Processing /opt/airflow/dags/stocks_pipeline_dag.py took 0.227 seconds
[2026-03-24T15:34:58.373+0000] {processor.py:157} INFO - Started process (PID=258) to work on /opt/airflow/dags/stocks_pipeline_dag.py
[2026-03-24T15:34:58.374+0000] {processor.py:829} INFO - Processing file /opt/airflow/dags/stocks_pipeline_dag.py for tasks to queue
[2026-03-24T15:34:58.375+0000] {logging_mixin.py:154} INFO - [2026-03-24T15:34:58.374+0000] {dagbag.py:536} INFO - Filling up the DagBag from /opt/airflow/dags/stocks_pipeline_dag.py
[2026-03-24T15:34:58.495+0000] {processor.py:839} INFO - DAG(s) dict_keys(['stock_pipeline']) retrieved from /opt/airflow/dags/stocks_pipeline_dag.py
[2026-03-24T15:34:58.507+0000] {logging_mixin.py:154} INFO - [2026-03-24T15:34:58.507+0000] {dag.py:2941} INFO - Sync 1 DAGs
[2026-03-24T15:34:58.517+0000] {logging_mixin.py:154} INFO - [2026-03-24T15:34:58.517+0000] {dag.py:3722} INFO - Setting next_dagrun for stock_pipeline to 2026-03-24T00:00:00+00:00, run_after=2026-03-25T00:00:00+00:00
[2026-03-24T15:34:58.601+0000] {processor.py:179} INFO - Processing /opt/airflow/dags/stocks_pipeline_dag.py took 0.230 seconds
[2026-03-24T15:35:28.847+0000] {processor.py:157} INFO - Started process (PID=264) to work on /opt/airflow/dags/stocks_pipeline_dag.py
[2026-03-24T15:35:28.849+0000] {processor.py:829} INFO - Processing file /opt/airflow/dags/stocks_pipeline_dag.py for tasks to queue
[2026-03-24T15:35:28.849+0000] {logging_mixin.py:154} INFO - [2026-03-24T15:35:28.849+0000] {dagbag.py:536} INFO - Filling up the DagBag from /opt/airflow/dags/stocks_pipeline_dag.py
[2026-03-24T15:35:28.978+0000] {processor.py:839} INFO - DAG(s) dict_keys(['stock_pipeline']) retrieved from /opt/airflow/dags/stocks_pipeline_dag.py
[2026-03-24T15:35:28.992+0000] {logging_mixin.py:154} INFO - [2026-03-24T15:35:28.992+0000] {dag.py:2941} INFO - Sync 1 DAGs
[2026-03-24T15:35:29.080+0000] {logging_mixin.py:154} INFO - [2026-03-24T15:35:29.080+0000] {dag.py:3722} INFO - Setting next_dagrun for stock_pipeline to 2026-03-24T00:00:00+00:00, run_after=2026-03-25T00:00:00+00:00
[2026-03-24T15:35:29.087+0000] {processor.py:179} INFO - Processing /opt/airflow/dags/stocks_pipeline_dag.py took 0.242 seconds
[2026-03-24T15:35:59.188+0000] {processor.py:157} INFO - Started process (PID=273) to work on /opt/airflow/dags/stocks_pipeline_dag.py
[2026-03-24T15:35:59.190+0000] {processor.py:829} INFO - Processing file /opt/airflow/dags/stocks_pipeline_dag.py for tasks to queue
[2026-03-24T15:35:59.191+0000] {logging_mixin.py:154} INFO - [2026-03-24T15:35:59.191+0000] {dagbag.py:536} INFO - Filling up the DagBag from /opt/airflow/dags/stocks_pipeline_dag.py
[2026-03-24T15:35:59.333+0000] {processor.py:839} INFO - DAG(s) dict_keys(['stock_pipeline']) retrieved from /opt/airflow/dags/stocks_pipeline_dag.py
[2026-03-24T15:35:59.346+0000] {logging_mixin.py:154} INFO - [2026-03-24T15:35:59.346+0000] {dag.py:2941} INFO - Sync 1 DAGs
[2026-03-24T15:35:59.432+0000] {logging_mixin.py:154} INFO - [2026-03-24T15:35:59.432+0000] {dag.py:3722} INFO - Setting next_dagrun for stock_pipeline to 2026-03-24T00:00:00+00:00, run_after=2026-03-25T00:00:00+00:00
[2026-03-24T15:35:59.438+0000] {processor.py:179} INFO - Processing /opt/airflow/dags/stocks_pipeline_dag.py took 0.254 seconds
[2026-03-24T15:36:29.598+0000] {processor.py:157} INFO - Started process (PID=279) to work on /opt/airflow/dags/stocks_pipeline_dag.py
[2026-03-24T15:36:29.599+0000] {processor.py:829} INFO - Processing file /opt/airflow/dags/stocks_pipeline_dag.py for tasks to queue
[2026-03-24T15:36:29.599+0000] {logging_mixin.py:154} INFO - [2026-03-24T15:36:29.599+0000] {dagbag.py:536} INFO - Filling up the DagBag from /opt/airflow/dags/stocks_pipeline_dag.py
[2026-03-24T15:36:29.727+0000] {processor.py:839} INFO - DAG(s) dict_keys(['stock_pipeline']) retrieved from /opt/airflow/dags/stocks_pipeline_dag.py
[2026-03-24T15:36:29.808+0000] {logging_mixin.py:154} INFO - [2026-03-24T15:36:29.808+0000] {dag.py:2941} INFO - Sync 1 DAGs
[2026-03-24T15:36:29.817+0000] {logging_mixin.py:154} INFO - [2026-03-24T15:36:29.817+0000] {dag.py:3722} INFO - Setting next_dagrun for stock_pipeline to 2026-03-24T00:00:00+00:00, run_after=2026-03-25T00:00:00+00:00
[2026-03-24T15:36:29.823+0000] {processor.py:179} INFO - Processing /opt/airflow/dags/stocks_pipeline_dag.py took 0.229 seconds
[2026-03-24T15:36:59.916+0000] {processor.py:157} INFO - Started process (PID=285) to work on /opt/airflow/dags/stocks_pipeline_dag.py
[2026-03-24T15:36:59.917+0000] {processor.py:829} INFO - Processing file /opt/airflow/dags/stocks_pipeline_dag.py for tasks to queue
[2026-03-24T15:36:59.917+0000] {logging_mixin.py:154} INFO - [2026-03-24T15:36:59.917+0000] {dagbag.py:536} INFO - Filling up the DagBag from /opt/airflow/dags/stocks_pipeline_dag.py
[2026-03-24T15:37:00.137+0000] {processor.py:839} INFO - DAG(s) dict_keys(['stock_pipeline']) retrieved from /opt/airflow/dags/stocks_pipeline_dag.py
[2026-03-24T15:37:00.147+0000] {logging_mixin.py:154} INFO - [2026-03-24T15:37:00.147+0000] {dag.py:2941} INFO - Sync 1 DAGs
[2026-03-24T15:37:00.155+0000] {logging_mixin.py:154} INFO - [2026-03-24T15:37:00.155+0000] {dag.py:3722} INFO - Setting next_dagrun for stock_pipeline to 2026-03-24T00:00:00+00:00, run_after=2026-03-25T00:00:00+00:00
[2026-03-24T15:37:00.161+0000] {processor.py:179} INFO - Processing /opt/airflow/dags/stocks_pipeline_dag.py took 0.248 seconds
[2026-03-24T15:37:30.427+0000] {processor.py:157} INFO - Started process (PID=291) to work on /opt/airflow/dags/stocks_pipeline_dag.py
[2026-03-24T15:37:30.428+0000] {processor.py:829} INFO - Processing file /opt/airflow/dags/stocks_pipeline_dag.py for tasks to queue
[2026-03-24T15:37:30.429+0000] {logging_mixin.py:154} INFO - [2026-03-24T15:37:30.429+0000] {dagbag.py:536} INFO - Filling up the DagBag from /opt/airflow/dags/stocks_pipeline_dag.py
[2026-03-24T15:37:30.644+0000] {processor.py:839} INFO - DAG(s) dict_keys(['stock_pipeline']) retrieved from /opt/airflow/dags/stocks_pipeline_dag.py
[2026-03-24T15:37:30.654+0000] {logging_mixin.py:154} INFO - [2026-03-24T15:37:30.654+0000] {dag.py:2941} INFO - Sync 1 DAGs
[2026-03-24T15:37:30.662+0000] {logging_mixin.py:154} INFO - [2026-03-24T15:37:30.662+0000] {dag.py:3722} INFO - Setting next_dagrun for stock_pipeline to 2026-03-24T00:00:00+00:00, run_after=2026-03-25T00:00:00+00:00
[2026-03-24T15:37:30.669+0000] {processor.py:179} INFO - Processing /opt/airflow/dags/stocks_pipeline_dag.py took 0.246 seconds
[2026-03-24T15:38:00.754+0000] {processor.py:157} INFO - Started process (PID=297) to work on /opt/airflow/dags/stocks_pipeline_dag.py
[2026-03-24T15:38:00.755+0000] {processor.py:829} INFO - Processing file /opt/airflow/dags/stocks_pipeline_dag.py for tasks to queue
[2026-03-24T15:38:00.756+0000] {logging_mixin.py:154} INFO - [2026-03-24T15:38:00.755+0000] {dagbag.py:536} INFO - Filling up the DagBag from /opt/airflow/dags/stocks_pipeline_dag.py
[2026-03-24T15:38:00.968+0000] {processor.py:839} INFO - DAG(s) dict_keys(['stock_pipeline']) retrieved from /opt/airflow/dags/stocks_pipeline_dag.py
[2026-03-24T15:38:00.979+0000] {logging_mixin.py:154} INFO - [2026-03-24T15:38:00.979+0000] {dag.py:2941} INFO - Sync 1 DAGs
[2026-03-24T15:38:00.987+0000] {logging_mixin.py:154} INFO - [2026-03-24T15:38:00.987+0000] {dag.py:3722} INFO - Setting next_dagrun for stock_pipeline to 2026-03-24T00:00:00+00:00, run_after=2026-03-25T00:00:00+00:00
[2026-03-24T15:38:00.994+0000] {processor.py:179} INFO - Processing /opt/airflow/dags/stocks_pipeline_dag.py took 0.245 seconds
[2026-03-24T15:38:31.282+0000] {processor.py:157} INFO - Started process (PID=306) to work on /opt/airflow/dags/stocks_pipeline_dag.py
[2026-03-24T15:38:31.283+0000] {processor.py:829} INFO - Processing file /opt/airflow/dags/stocks_pipeline_dag.py for tasks to queue
[2026-03-24T15:38:31.283+0000] {logging_mixin.py:154} INFO - [2026-03-24T15:38:31.283+0000] {dagbag.py:536} INFO - Filling up the DagBag from /opt/airflow/dags/stocks_pipeline_dag.py
[2026-03-24T15:38:31.418+0000] {processor.py:839} INFO - DAG(s) dict_keys(['stock_pipeline']) retrieved from /opt/airflow/dags/stocks_pipeline_dag.py
[2026-03-24T15:38:31.429+0000] {logging_mixin.py:154} INFO - [2026-03-24T15:38:31.429+0000] {dag.py:2941} INFO - Sync 1 DAGs
[2026-03-24T15:38:31.518+0000] {logging_mixin.py:154} INFO - [2026-03-24T15:38:31.518+0000] {dag.py:3722} INFO - Setting next_dagrun for stock_pipeline to 2026-03-24T00:00:00+00:00, run_after=2026-03-25T00:00:00+00:00
[2026-03-24T15:38:31.525+0000] {processor.py:179} INFO - Processing /opt/airflow/dags/stocks_pipeline_dag.py took 0.246 seconds
[2026-03-24T15:39:01.608+0000] {processor.py:157} INFO - Started process (PID=312) to work on /opt/airflow/dags/stocks_pipeline_dag.py
[2026-03-24T15:39:01.609+0000] {processor.py:829} INFO - Processing file /opt/airflow/dags/stocks_pipeline_dag.py for tasks to queue
[2026-03-24T15:39:01.610+0000] {logging_mixin.py:154} INFO - [2026-03-24T15:39:01.609+0000] {dagbag.py:536} INFO - Filling up the DagBag from /opt/airflow/dags/stocks_pipeline_dag.py
[2026-03-24T15:39:01.738+0000] {processor.py:839} INFO - DAG(s) dict_keys(['stock_pipeline']) retrieved from /opt/airflow/dags/stocks_pipeline_dag.py
[2026-03-24T15:39:01.749+0000] {logging_mixin.py:154} INFO - [2026-03-24T15:39:01.749+0000] {dag.py:2941} INFO - Sync 1 DAGs
[2026-03-24T15:39:01.823+0000] {logging_mixin.py:154} INFO - [2026-03-24T15:39:01.823+0000] {dag.py:3722} INFO - Setting next_dagrun for stock_pipeline to 2026-03-24T00:00:00+00:00, run_after=2026-03-25T00:00:00+00:00
[2026-03-24T15:39:01.829+0000] {processor.py:179} INFO - Processing /opt/airflow/dags/stocks_pipeline_dag.py took 0.225 seconds
[2026-03-24T15:39:32.171+0000] {processor.py:157} INFO - Started process (PID=318) to work on /opt/airflow/dags/stocks_pipeline_dag.py
[2026-03-24T15:39:32.172+0000] {processor.py:829} INFO - Processing file /opt/airflow/dags/stocks_pipeline_dag.py for tasks to queue
[2026-03-24T15:39:32.172+0000] {logging_mixin.py:154} INFO - [2026-03-24T15:39:32.172+0000] {dagbag.py:536} INFO - Filling up the DagBag from /opt/airflow/dags/stocks_pipeline_dag.py
[2026-03-24T15:39:32.318+0000] {processor.py:839} INFO - DAG(s) dict_keys(['stock_pipeline']) retrieved from /opt/airflow/dags/stocks_pipeline_dag.py
[2026-03-24T15:39:32.400+0000] {logging_mixin.py:154} INFO - [2026-03-24T15:39:32.400+0000] {dag.py:2941} INFO - Sync 1 DAGs
[2026-03-24T15:39:32.409+0000] {logging_mixin.py:154} INFO - [2026-03-24T15:39:32.409+0000] {dag.py:3722} INFO - Setting next_dagrun for stock_pipeline to 2026-03-24T00:00:00+00:00, run_after=2026-03-25T00:00:00+00:00
[2026-03-24T15:39:32.416+0000] {processor.py:179} INFO - Processing /opt/airflow/dags/stocks_pipeline_dag.py took 0.249 seconds
[2026-03-24T15:40:02.489+0000] {processor.py:157} INFO - Started process (PID=336) to work on /opt/airflow/dags/stocks_pipeline_dag.py
[2026-03-24T15:40:02.490+0000] {processor.py:829} INFO - Processing file /opt/airflow/dags/stocks_pipeline_dag.py for tasks to queue
[2026-03-24T15:40:02.490+0000] {logging_mixin.py:154} INFO - [2026-03-24T15:40:02.490+0000] {dagbag.py:536} INFO - Filling up the DagBag from /opt/airflow/dags/stocks_pipeline_dag.py
[2026-03-24T15:40:02.690+0000] {processor.py:839} INFO - DAG(s) dict_keys(['stock_pipeline']) retrieved from /opt/airflow/dags/stocks_pipeline_dag.py
[2026-03-24T15:40:02.700+0000] {logging_mixin.py:154} INFO - [2026-03-24T15:40:02.700+0000] {dag.py:2941} INFO - Sync 1 DAGs
[2026-03-24T15:40:02.708+0000] {logging_mixin.py:154} INFO - [2026-03-24T15:40:02.708+0000] {dag.py:3722} INFO - Setting next_dagrun for stock_pipeline to 2026-03-24T00:00:00+00:00, run_after=2026-03-25T00:00:00+00:00
[2026-03-24T15:40:02.715+0000] {processor.py:179} INFO - Processing /opt/airflow/dags/stocks_pipeline_dag.py took 0.229 seconds
[2026-03-24T15:40:32.959+0000] {processor.py:157} INFO - Started process (PID=342) to work on /opt/airflow/dags/stocks_pipeline_dag.py
[2026-03-24T15:40:32.959+0000] {processor.py:829} INFO - Processing file /opt/airflow/dags/stocks_pipeline_dag.py for tasks to queue
[2026-03-24T15:40:32.960+0000] {logging_mixin.py:154} INFO - [2026-03-24T15:40:32.960+0000] {dagbag.py:536} INFO - Filling up the DagBag from /opt/airflow/dags/stocks_pipeline_dag.py
[2026-03-24T15:40:33.166+0000] {processor.py:839} INFO - DAG(s) dict_keys(['stock_pipeline']) retrieved from /opt/airflow/dags/stocks_pipeline_dag.py
[2026-03-24T15:40:33.176+0000] {logging_mixin.py:154} INFO - [2026-03-24T15:40:33.176+0000] {dag.py:2941} INFO - Sync 1 DAGs
[2026-03-24T15:40:33.184+0000] {logging_mixin.py:154} INFO - [2026-03-24T15:40:33.184+0000] {dag.py:3722} INFO - Setting next_dagrun for stock_pipeline to 2026-03-24T00:00:00+00:00, run_after=2026-03-25T00:00:00+00:00
[2026-03-24T15:40:33.190+0000] {processor.py:179} INFO - Processing /opt/airflow/dags/stocks_pipeline_dag.py took 0.235 seconds
[2026-03-24T15:41:03.243+0000] {processor.py:157} INFO - Started process (PID=348) to work on /opt/airflow/dags/stocks_pipeline_dag.py
[2026-03-24T15:41:03.244+0000] {processor.py:829} INFO - Processing file /opt/airflow/dags/stocks_pipeline_dag.py for tasks to queue
[2026-03-24T15:41:03.244+0000] {logging_mixin.py:154} INFO - [2026-03-24T15:41:03.244+0000] {dagbag.py:536} INFO - Filling up the DagBag from /opt/airflow/dags/stocks_pipeline_dag.py
[2026-03-24T15:41:03.473+0000] {processor.py:839} INFO - DAG(s) dict_keys(['stock_pipeline']) retrieved from /opt/airflow/dags/stocks_pipeline_dag.py
[2026-03-24T15:41:03.484+0000] {logging_mixin.py:154} INFO - [2026-03-24T15:41:03.484+0000] {dag.py:2941} INFO - Sync 1 DAGs
[2026-03-24T15:41:03.492+0000] {logging_mixin.py:154} INFO - [2026-03-24T15:41:03.492+0000] {dag.py:3722} INFO - Setting next_dagrun for stock_pipeline to 2026-03-24T00:00:00+00:00, run_after=2026-03-25T00:00:00+00:00
[2026-03-24T15:41:03.500+0000] {processor.py:179} INFO - Processing /opt/airflow/dags/stocks_pipeline_dag.py took 0.259 seconds
[2026-03-24T15:41:33.769+0000] {processor.py:157} INFO - Started process (PID=354) to work on /opt/airflow/dags/stocks_pipeline_dag.py
[2026-03-24T15:41:33.770+0000] {processor.py:829} INFO - Processing file /opt/airflow/dags/stocks_pipeline_dag.py for tasks to queue
[2026-03-24T15:41:33.771+0000] {logging_mixin.py:154} INFO - [2026-03-24T15:41:33.771+0000] {dagbag.py:536} INFO - Filling up the DagBag from /opt/airflow/dags/stocks_pipeline_dag.py
[2026-03-24T15:41:34.021+0000] {processor.py:839} INFO - DAG(s) dict_keys(['stock_pipeline']) retrieved from /opt/airflow/dags/stocks_pipeline_dag.py
[2026-03-24T15:41:34.032+0000] {logging_mixin.py:154} INFO - [2026-03-24T15:41:34.032+0000] {dag.py:2941} INFO - Sync 1 DAGs
[2026-03-24T15:41:34.041+0000] {logging_mixin.py:154} INFO - [2026-03-24T15:41:34.041+0000] {dag.py:3722} INFO - Setting next_dagrun for stock_pipeline to 2026-03-24T00:00:00+00:00, run_after=2026-03-25T00:00:00+00:00
[2026-03-24T15:41:34.048+0000] {processor.py:179} INFO - Processing /opt/airflow/dags/stocks_pipeline_dag.py took 0.283 seconds
[2026-03-24T15:42:04.107+0000] {processor.py:157} INFO - Started process (PID=360) to work on /opt/airflow/dags/stocks_pipeline_dag.py
[2026-03-24T15:42:04.108+0000] {processor.py:829} INFO - Processing file /opt/airflow/dags/stocks_pipeline_dag.py for tasks to queue
[2026-03-24T15:42:04.109+0000] {logging_mixin.py:154} INFO - [2026-03-24T15:42:04.108+0000] {dagbag.py:536} INFO - Filling up the DagBag from /opt/airflow/dags/stocks_pipeline_dag.py
[2026-03-24T15:42:04.241+0000] {processor.py:839} INFO - DAG(s) dict_keys(['stock_pipeline']) retrieved from /opt/airflow/dags/stocks_pipeline_dag.py
[2026-03-24T15:42:04.253+0000] {logging_mixin.py:154} INFO - [2026-03-24T15:42:04.253+0000] {dag.py:2941} INFO - Sync 1 DAGs
[2026-03-24T15:42:04.326+0000] {logging_mixin.py:154} INFO - [2026-03-24T15:42:04.325+0000] {dag.py:3722} INFO - Setting next_dagrun for stock_pipeline to 2026-03-24T00:00:00+00:00, run_after=2026-03-25T00:00:00+00:00
[2026-03-24T15:42:04.332+0000] {processor.py:179} INFO - Processing /opt/airflow/dags/stocks_pipeline_dag.py took 0.229 seconds
