[2026-03-25T09:08:30.956+0000] {taskinstance.py:1159} INFO - Dependencies all met for dep_context=non-requeueable deps ti=<TaskInstance: stock_pipeline.fetch_and_store manual__2026-03-25T09:04:13.390792+00:00 [queued]>
[2026-03-25T09:08:30.959+0000] {taskinstance.py:1159} INFO - Dependencies all met for dep_context=requeueable deps ti=<TaskInstance: stock_pipeline.fetch_and_store manual__2026-03-25T09:04:13.390792+00:00 [queued]>
[2026-03-25T09:08:30.959+0000] {taskinstance.py:1361} INFO - Starting attempt 2 of 4
[2026-03-25T09:08:30.964+0000] {taskinstance.py:1382} INFO - Executing <Task(PythonOperator): fetch_and_store> on 2026-03-25 09:04:13.390792+00:00
[2026-03-25T09:08:30.966+0000] {standard_task_runner.py:57} INFO - Started process 319 to run task
[2026-03-25T09:08:30.969+0000] {standard_task_runner.py:84} INFO - Running: ['airflow', 'tasks', 'run', 'stock_pipeline', 'fetch_and_store', 'manual__2026-03-25T09:04:13.390792+00:00', '--job-id', '6', '--raw', '--subdir', 'DAGS_FOLDER/stocks_pipeline_dag.py', '--cfg-path', '/tmp/tmp96l3aorl']
[2026-03-25T09:08:30.970+0000] {standard_task_runner.py:85} INFO - Job 6: Subtask fetch_and_store
[2026-03-25T09:08:30.990+0000] {task_command.py:416} INFO - Running <TaskInstance: stock_pipeline.fetch_and_store manual__2026-03-25T09:04:13.390792+00:00 [running]> on host e886ca1dac06
[2026-03-25T09:08:31.023+0000] {taskinstance.py:1662} INFO - Exporting env vars: AIRFLOW_CTX_DAG_OWNER='airflow' AIRFLOW_CTX_DAG_ID='stock_pipeline' AIRFLOW_CTX_TASK_ID='fetch_and_store' AIRFLOW_CTX_EXECUTION_DATE='2026-03-25T09:04:13.390792+00:00' AIRFLOW_CTX_TRY_NUMBER='2' AIRFLOW_CTX_DAG_RUN_ID='manual__2026-03-25T09:04:13.390792+00:00'
[2026-03-25T09:08:31.024+0000] {logging_mixin.py:154} INFO - Fetching CRWD, attempt 1...
[2026-03-25T09:08:31.272+0000] {logging_mixin.py:154} INFO - Attempt 1 failed for CRWD: We have detected your API key as 7H2NH7X2N0TAHOFK and our standard API rate limit is 25 requests per day. Please subscribe to any of the premium plans at https://www.alphavantage.co/premium/ to instantly remove all daily rate limits.
[2026-03-25T09:08:46.295+0000] {logging_mixin.py:154} INFO - Fetching CRWD, attempt 2...
[2026-03-25T09:08:46.473+0000] {logging_mixin.py:154} INFO - Attempt 2 failed for CRWD: We have detected your API key as 7H2NH7X2N0TAHOFK and our standard API rate limit is 25 requests per day. Please subscribe to any of the premium plans at https://www.alphavantage.co/premium/ to instantly remove all daily rate limits.
[2026-03-25T09:09:01.484+0000] {logging_mixin.py:154} INFO - Fetching CRWD, attempt 3...
[2026-03-25T09:09:01.725+0000] {logging_mixin.py:154} INFO - Attempt 3 failed for CRWD: We have detected your API key as 7H2NH7X2N0TAHOFK and our standard API rate limit is 25 requests per day. Please subscribe to any of the premium plans at https://www.alphavantage.co/premium/ to instantly remove all daily rate limits.
[2026-03-25T09:09:16.729+0000] {logging_mixin.py:154} INFO - Failed to fetch data for CRWD after 3 attempts.
[2026-03-25T09:09:16.739+0000] {logging_mixin.py:154} INFO - No data for CRWD
[2026-03-25T09:09:31.755+0000] {logging_mixin.py:154} INFO - Fetching PLTR, attempt 1...
[2026-03-25T09:09:31.922+0000] {logging_mixin.py:154} INFO - Attempt 1 failed for PLTR: We have detected your API key as 7H2NH7X2N0TAHOFK and our standard API rate limit is 25 requests per day. Please subscribe to any of the premium plans at https://www.alphavantage.co/premium/ to instantly remove all daily rate limits.
[2026-03-25T09:09:46.944+0000] {logging_mixin.py:154} INFO - Fetching PLTR, attempt 2...
[2026-03-25T09:09:47.109+0000] {logging_mixin.py:154} INFO - Attempt 2 failed for PLTR: We have detected your API key as 7H2NH7X2N0TAHOFK and our standard API rate limit is 25 requests per day. Please subscribe to any of the premium plans at https://www.alphavantage.co/premium/ to instantly remove all daily rate limits.
[2026-03-25T09:10:02.130+0000] {logging_mixin.py:154} INFO - Fetching PLTR, attempt 3...
[2026-03-25T09:10:02.298+0000] {logging_mixin.py:154} INFO - Attempt 3 failed for PLTR: We have detected your API key as 7H2NH7X2N0TAHOFK and our standard API rate limit is 25 requests per day. Please subscribe to any of the premium plans at https://www.alphavantage.co/premium/ to instantly remove all daily rate limits.
[2026-03-25T09:10:17.322+0000] {logging_mixin.py:154} INFO - Failed to fetch data for PLTR after 3 attempts.
[2026-03-25T09:10:17.326+0000] {logging_mixin.py:154} INFO - No data for PLTR
[2026-03-25T09:10:17.327+0000] {logging_mixin.py:154} INFO - No data to insert.
[2026-03-25T09:10:17.327+0000] {python.py:194} INFO - Done. Returned value was: None
[2026-03-25T09:10:17.346+0000] {taskinstance.py:1400} INFO - Marking task as SUCCESS. dag_id=stock_pipeline, task_id=fetch_and_store, execution_date=20260325T090413, start_date=20260325T090830, end_date=20260325T091017
[2026-03-25T09:10:17.364+0000] {local_task_job_runner.py:228} INFO - Task exited with return code 0
[2026-03-25T09:10:17.379+0000] {taskinstance.py:2778} INFO - 1 downstream tasks scheduled from follow-on schedule check
