[2026-03-25T12:57:23.909+0000] {taskinstance.py:1159} INFO - Dependencies all met for dep_context=non-requeueable deps ti=<TaskInstance: stock_pipeline.run_dbt manual__2026-03-25T12:57:00.666185+00:00 [queued]>
[2026-03-25T12:57:23.912+0000] {taskinstance.py:1159} INFO - Dependencies all met for dep_context=requeueable deps ti=<TaskInstance: stock_pipeline.run_dbt manual__2026-03-25T12:57:00.666185+00:00 [queued]>
[2026-03-25T12:57:23.913+0000] {taskinstance.py:1361} INFO - Starting attempt 1 of 3
[2026-03-25T12:57:23.917+0000] {taskinstance.py:1382} INFO - Executing <Task(BashOperator): run_dbt> on 2026-03-25 12:57:00.666185+00:00
[2026-03-25T12:57:23.919+0000] {standard_task_runner.py:57} INFO - Started process 272 to run task
[2026-03-25T12:57:23.921+0000] {standard_task_runner.py:84} INFO - Running: ['airflow', 'tasks', 'run', 'stock_pipeline', 'run_dbt', 'manual__2026-03-25T12:57:00.666185+00:00', '--job-id', '7', '--raw', '--subdir', 'DAGS_FOLDER/stocks_pipeline_dag.py', '--cfg-path', '/tmp/tmpc_5v6bkm']
[2026-03-25T12:57:23.922+0000] {standard_task_runner.py:85} INFO - Job 7: Subtask run_dbt
[2026-03-25T12:57:23.941+0000] {task_command.py:416} INFO - Running <TaskInstance: stock_pipeline.run_dbt manual__2026-03-25T12:57:00.666185+00:00 [running]> on host 41686edda57c
[2026-03-25T12:57:23.974+0000] {taskinstance.py:1662} INFO - Exporting env vars: AIRFLOW_CTX_DAG_OWNER='airflow' AIRFLOW_CTX_DAG_ID='stock_pipeline' AIRFLOW_CTX_TASK_ID='run_dbt' AIRFLOW_CTX_EXECUTION_DATE='2026-03-25T12:57:00.666185+00:00' AIRFLOW_CTX_TRY_NUMBER='1' AIRFLOW_CTX_DAG_RUN_ID='manual__2026-03-25T12:57:00.666185+00:00'
[2026-03-25T12:57:23.974+0000] {subprocess.py:63} INFO - Tmp dir root location: /tmp
[2026-03-25T12:57:23.975+0000] {subprocess.py:75} INFO - Running command: ['/bin/bash', '-c', 'cd /opt/stocks-proj/dbt && dbt run']
[2026-03-25T12:57:23.979+0000] {subprocess.py:86} INFO - Output:
[2026-03-25T12:57:24.845+0000] {subprocess.py:93} INFO - [0m12:57:24  Running with dbt=1.9.0-b2
[2026-03-25T12:57:24.963+0000] {subprocess.py:93} INFO - [0m12:57:24  Registered adapter: ***=1.8.2
[2026-03-25T12:57:25.154+0000] {subprocess.py:93} INFO - [0m12:57:25  Found 4 models, 4 data tests, 1 source, 423 macros
[2026-03-25T12:57:25.156+0000] {subprocess.py:93} INFO - [0m12:57:25
[2026-03-25T12:57:25.156+0000] {subprocess.py:93} INFO - [0m12:57:25  Concurrency: 1 threads (target='dev')
[2026-03-25T12:57:25.156+0000] {subprocess.py:93} INFO - [0m12:57:25
[2026-03-25T12:57:25.220+0000] {subprocess.py:93} INFO - [0m12:57:25  1 of 4 START sql view model public.daily_returns ............................... [RUN]
[2026-03-25T12:57:25.280+0000] {subprocess.py:93} INFO - [0m12:57:25  1 of 4 OK created sql view model public.daily_returns .......................... [[32mCREATE VIEW[0m in 0.06s]
[2026-03-25T12:57:25.281+0000] {subprocess.py:93} INFO - [0m12:57:25  2 of 4 START sql view model public.monthly_volume .............................. [RUN]
[2026-03-25T12:57:25.304+0000] {subprocess.py:93} INFO - [0m12:57:25  2 of 4 OK created sql view model public.monthly_volume ......................... [[32mCREATE VIEW[0m in 0.02s]
[2026-03-25T12:57:25.305+0000] {subprocess.py:93} INFO - [0m12:57:25  3 of 4 START sql table model public.my_first_dbt_model ......................... [RUN]
[2026-03-25T12:57:25.365+0000] {subprocess.py:93} INFO - [0m12:57:25  3 of 4 OK created sql table model public.my_first_dbt_model .................... [[32mSELECT 2[0m in 0.06s]
[2026-03-25T12:57:25.367+0000] {subprocess.py:93} INFO - [0m12:57:25  4 of 4 START sql view model public.my_second_dbt_model ......................... [RUN]
[2026-03-25T12:57:25.385+0000] {subprocess.py:93} INFO - [0m12:57:25  4 of 4 OK created sql view model public.my_second_dbt_model .................... [[32mCREATE VIEW[0m in 0.02s]
[2026-03-25T12:57:25.391+0000] {subprocess.py:93} INFO - [0m12:57:25
[2026-03-25T12:57:25.391+0000] {subprocess.py:93} INFO - [0m12:57:25  Finished running 1 table model, 3 view models in 0 hours 0 minutes and 0.23 seconds (0.23s).
[2026-03-25T12:57:25.414+0000] {subprocess.py:93} INFO - [0m12:57:25
[2026-03-25T12:57:25.415+0000] {subprocess.py:93} INFO - [0m12:57:25  [32mCompleted successfully[0m
[2026-03-25T12:57:25.415+0000] {subprocess.py:93} INFO - [0m12:57:25
[2026-03-25T12:57:25.415+0000] {subprocess.py:93} INFO - [0m12:57:25  Done. PASS=4 WARN=0 ERROR=0 SKIP=0 TOTAL=4
[2026-03-25T12:57:26.047+0000] {subprocess.py:97} INFO - Command exited with return code 0
[2026-03-25T12:57:26.060+0000] {taskinstance.py:1400} INFO - Marking task as SUCCESS. dag_id=stock_pipeline, task_id=run_dbt, execution_date=20260325T125700, start_date=20260325T125723, end_date=20260325T125726
[2026-03-25T12:57:26.101+0000] {local_task_job_runner.py:228} INFO - Task exited with return code 0
[2026-03-25T12:57:26.111+0000] {taskinstance.py:2778} INFO - 0 downstream tasks scheduled from follow-on schedule check
